Using pre-set license
Built from '2022.3/staging' branch; Version is '2022.3.10f1 (ff3792e53c62) revision 16725906'; Using compiler version '192829333'; Build Type 'Release'
OS: 'Windows 11  (10.0.22621) 64bit Core' Language: 'it' Physical Memory: 8067 MB
BatchMode: 1, IsHumanControllingUs: 0, StartBugReporterOnCrash: 0, Is64bit: 1, IsPro: 1

COMMAND LINE ARGUMENTS:
C:\Program Files\Unity\Hub\Editor\2022.3.10f1\Editor\Unity.exe
-adb2
-batchMode
-noUpm
-name
AssetImportWorker0
-projectPath
C:/Users/loren/Desktop/Polimi/Progetto_Ehealth/E-Health-Project/EcoQuest
-logFile
Logs/AssetImportWorker0.log
-srvPort
59454
Successfully changed project path to: C:/Users/loren/Desktop/Polimi/Progetto_Ehealth/E-Health-Project/EcoQuest
C:/Users/loren/Desktop/Polimi/Progetto_Ehealth/E-Health-Project/EcoQuest
[UnityMemory] Configuration Parameters - Can be set up in boot.config
    "memorysetup-bucket-allocator-granularity=16"
    "memorysetup-bucket-allocator-bucket-count=8"
    "memorysetup-bucket-allocator-block-size=33554432"
    "memorysetup-bucket-allocator-block-count=8"
    "memorysetup-main-allocator-block-size=16777216"
    "memorysetup-thread-allocator-block-size=16777216"
    "memorysetup-gfx-main-allocator-block-size=16777216"
    "memorysetup-gfx-thread-allocator-block-size=16777216"
    "memorysetup-cache-allocator-block-size=4194304"
    "memorysetup-typetree-allocator-block-size=2097152"
    "memorysetup-profiler-bucket-allocator-granularity=16"
    "memorysetup-profiler-bucket-allocator-bucket-count=8"
    "memorysetup-profiler-bucket-allocator-block-size=33554432"
    "memorysetup-profiler-bucket-allocator-block-count=8"
    "memorysetup-profiler-allocator-block-size=16777216"
    "memorysetup-profiler-editor-allocator-block-size=1048576"
    "memorysetup-temp-allocator-size-main=16777216"
    "memorysetup-job-temp-allocator-block-size=2097152"
    "memorysetup-job-temp-allocator-block-size-background=1048576"
    "memorysetup-job-temp-allocator-reduction-small-platforms=262144"
    "memorysetup-allocator-temp-initial-block-size-main=262144"
    "memorysetup-allocator-temp-initial-block-size-worker=262144"
    "memorysetup-temp-allocator-size-background-worker=32768"
    "memorysetup-temp-allocator-size-job-worker=262144"
    "memorysetup-temp-allocator-size-preload-manager=33554432"
    "memorysetup-temp-allocator-size-nav-mesh-worker=65536"
    "memorysetup-temp-allocator-size-audio-worker=65536"
    "memorysetup-temp-allocator-size-cloud-worker=32768"
    "memorysetup-temp-allocator-size-gi-baking-worker=262144"
    "memorysetup-temp-allocator-size-gfx=262144"
Player connection [26136] Host "[IP] 100.93.19.71 [Port] 0 [Flags] 2 [Guid] 2248967117 [EditorId] 2248967117 [Version] 1048832 [Id] WindowsEditor(7,DESKTOP-VUR0TVF) [Debug] 1 [PackageName] WindowsEditor [ProjectName] Editor" joined multi-casting on [225.0.0.222:54997]...

Player connection [26136] Host "[IP] 100.93.19.71 [Port] 0 [Flags] 2 [Guid] 2248967117 [EditorId] 2248967117 [Version] 1048832 [Id] WindowsEditor(7,DESKTOP-VUR0TVF) [Debug] 1 [PackageName] WindowsEditor [ProjectName] Editor" joined alternative multi-casting on [225.0.0.222:34997]...

[Physics::Module] Initialized MultithreadedJobDispatcher with 3 workers.
Refreshing native plugins compatible for Editor in 88.01 ms, found 3 plugins.
Preloading 0 native plugins for Editor in 0.00 ms.
Initialize engine version: 2022.3.10f1 (ff3792e53c62)
[Subsystems] Discovering subsystems at path C:/Program Files/Unity/Hub/Editor/2022.3.10f1/Editor/Data/Resources/UnitySubsystems
[Subsystems] Discovering subsystems at path C:/Users/loren/Desktop/Polimi/Progetto_Ehealth/E-Health-Project/EcoQuest/Assets
GfxDevice: creating device client; threaded=0; jobified=0
Direct3D:
    Version:  Direct3D 11.0 [level 11.1]
    Renderer: Intel(R) UHD Graphics 620 (ID=0x5917)
    Vendor:   Intel
    VRAM:     4033 MB
    Driver:   27.20.100.8729
Initialize mono
Mono path[0] = 'C:/Program Files/Unity/Hub/Editor/2022.3.10f1/Editor/Data/Managed'
Mono path[1] = 'C:/Program Files/Unity/Hub/Editor/2022.3.10f1/Editor/Data/MonoBleedingEdge/lib/mono/unityjit-win32'
Mono config path = 'C:/Program Files/Unity/Hub/Editor/2022.3.10f1/Editor/Data/MonoBleedingEdge/etc'
Using monoOptions --debugger-agent=transport=dt_socket,embedding=1,server=y,suspend=n,address=127.0.0.1:56304
Begin MonoManager ReloadAssembly
Registering precompiled unity dll's ...
Register platform support module: C:/Program Files/Unity/Hub/Editor/2022.3.10f1/Editor/Data/PlaybackEngines/WindowsStandaloneSupport/UnityEditor.WindowsStandalone.Extensions.dll
Registered in 0.031095 seconds.
- Loaded All Assemblies, in  1.597 seconds
Native extension for WindowsStandalone target not found
Mono: successfully reloaded assembly
- Finished resetting the current domain, in  0.936 seconds
Domain Reload Profiling: 2529ms
	BeginReloadAssembly (424ms)
		ExecutionOrderSort (0ms)
		DisableScriptedObjects (0ms)
		BackupInstance (0ms)
		ReleaseScriptingObjects (0ms)
		CreateAndSetChildDomain (2ms)
	RebuildCommonClasses (97ms)
	RebuildNativeTypeToScriptingClass (68ms)
	initialDomainReloadingComplete (516ms)
	LoadAllAssembliesAndSetupDomain (485ms)
		LoadAssemblies (417ms)
		RebuildTransferFunctionScriptingTraits (0ms)
		AnalyzeDomain (481ms)
			TypeCache.Refresh (479ms)
				TypeCache.ScanAssembly (452ms)
			ScanForSourceGeneratedMonoScriptInfo (1ms)
			ResolveRequiredComponents (1ms)
	FinalizeReload (939ms)
		ReleaseScriptCaches (0ms)
		RebuildScriptCaches (0ms)
		SetupLoadedEditorAssemblies (749ms)
			LogAssemblyErrors (0ms)
			InitializePlatformSupportModulesInManaged (61ms)
			SetLoadedEditorAssemblies (36ms)
			RefreshPlugins (0ms)
			BeforeProcessingInitializeOnLoad (5ms)
			ProcessInitializeOnLoadAttributes (453ms)
			ProcessInitializeOnLoadMethodAttributes (194ms)
			AfterProcessingInitializeOnLoad (0ms)
			EditorAssembliesLoaded (0ms)
		ExecutionOrderSort2 (0ms)
		AwakeInstancesAfterBackupRestoration (0ms)
========================================================================
Worker process is ready to serve import requests
Begin MonoManager ReloadAssembly
Symbol file data-00000216F2411020 doesn't match image C:\Users\loren\Desktop\Polimi\Progetto_Ehealth\E-Health-Project\EcoQuest\Library\ScriptAssemblies\Unity.Timeline.dll
Symbol file LoadedFromMemory is not a mono symbol file
Symbol file data-00000216F4287030 doesn't match image C:\Users\loren\Desktop\Polimi\Progetto_Ehealth\E-Health-Project\EcoQuest\Library\ScriptAssemblies\Unity.TestTools.CodeCoverage.Editor.OpenCover.Mono.Reflection.dll
Symbol file LoadedFromMemory is not a mono symbol file
Symbol file data-00000216F2452630 doesn't match image C:\Users\loren\Desktop\Polimi\Progetto_Ehealth\E-Health-Project\EcoQuest\Library\ScriptAssemblies\UnityEngine.UI.dll
Symbol file LoadedFromMemory is not a mono symbol file
Symbol file data-00000216F4289240 doesn't match image C:\Users\loren\Desktop\Polimi\Progetto_Ehealth\E-Health-Project\EcoQuest\Library\ScriptAssemblies\Unity.EditorCoroutines.Editor.dll
Symbol file LoadedFromMemory is not a mono symbol file
Symbol file data-00000216F428DA50 doesn't match image C:\Users\loren\Desktop\Polimi\Progetto_Ehealth\E-Health-Project\EcoQuest\Library\ScriptAssemblies\Unity.VisualScripting.SettingsProvider.Editor.dll
Symbol file LoadedFromMemory is not a mono symbol file
Symbol file data-00000216F2452630 doesn't match image C:\Users\loren\Desktop\Polimi\Progetto_Ehealth\E-Health-Project\EcoQuest\Library\ScriptAssemblies\Unity.Performance.Profile-Analyzer.Editor.dll
Symbol file LoadedFromMemory is not a mono symbol file
Symbol file data-00000216F42A3140 doesn't match image C:\Users\loren\Desktop\Polimi\Progetto_Ehealth\E-Health-Project\EcoQuest\Library\ScriptAssemblies\Unity.TestTools.CodeCoverage.Editor.dll
Symbol file LoadedFromMemory is not a mono symbol file
Symbol file data-00000216F2473840 doesn't match image C:\Users\loren\Desktop\Polimi\Progetto_Ehealth\E-Health-Project\EcoQuest\Library\ScriptAssemblies\Unity.TestTools.CodeCoverage.Editor.OpenCover.Model.dll
Symbol file LoadedFromMemory is not a mono symbol file
Symbol file data-00000216F3099960 doesn't match image C:\Users\loren\Desktop\Polimi\Progetto_Ehealth\E-Health-Project\EcoQuest\Library\ScriptAssemblies\Unity.PlasticSCM.Editor.dll
Symbol file LoadedFromMemory is not a mono symbol file
Symbol file data-00000216F42A3140 doesn't match image C:\Users\loren\Desktop\Polimi\Progetto_Ehealth\E-Health-Project\EcoQuest\Library\ScriptAssemblies\UnityEngine.TestRunner.dll
Symbol file LoadedFromMemory is not a mono symbol file
Symbol file data-00000216F42A3140 doesn't match image C:\Users\loren\Desktop\Polimi\Progetto_Ehealth\E-Health-Project\EcoQuest\Library\ScriptAssemblies\Unity.VisualScripting.State.Editor.dll
Symbol file LoadedFromMemory is not a mono symbol file
Symbol file data-00000216F3099960 doesn't match image C:\Users\loren\Desktop\Polimi\Progetto_Ehealth\E-Health-Project\EcoQuest\Library\ScriptAssemblies\Unity.Timeline.Editor.dll
Symbol file LoadedFromMemory is not a mono symbol file
Symbol file data-00000216F42AD550 doesn't match image C:\Users\loren\Desktop\Polimi\Progetto_Ehealth\E-Health-Project\EcoQuest\Library\ScriptAssemblies\Unity.Settings.Editor.dll
Symbol file LoadedFromMemory is not a mono symbol file
Symbol file data-00000216F428DA50 doesn't match image C:\Users\loren\Desktop\Polimi\Progetto_Ehealth\E-Health-Project\EcoQuest\Library\ScriptAssemblies\Unity.VisualScripting.Shared.Editor.dll
Symbol file LoadedFromMemory is not a mono symbol file
Symbol file data-00000216F428DA50 doesn't match image C:\Users\loren\Desktop\Polimi\Progetto_Ehealth\E-Health-Project\EcoQuest\Library\ScriptAssemblies\Unity.CollabProxy.Editor.dll
Symbol file LoadedFromMemory is not a mono symbol file
Symbol file data-00000216B037FE30 doesn't match image C:\Users\loren\Desktop\Polimi\Progetto_Ehealth\E-Health-Project\EcoQuest\Library\ScriptAssemblies\Unity.VisualStudio.Editor.dll
Symbol file LoadedFromMemory is not a mono symbol file
Symbol file data-00000216F2311010 doesn't match image C:\Users\loren\Desktop\Polimi\Progetto_Ehealth\E-Health-Project\EcoQuest\Library\ScriptAssemblies\Unity.TextMeshPro.dll
Symbol file LoadedFromMemory is not a mono symbol file
Symbol file data-00000216F2311010 doesn't match image C:\Users\loren\Desktop\Polimi\Progetto_Ehealth\E-Health-Project\EcoQuest\Library\ScriptAssemblies\Unity.VisualScripting.Core.dll
Symbol file LoadedFromMemory is not a mono symbol file
Symbol file data-00000216F2349A20 doesn't match image C:\Users\loren\Desktop\Polimi\Progetto_Ehealth\E-Health-Project\EcoQuest\Library\ScriptAssemblies\Unity.TextMeshPro.Editor.dll
Symbol file LoadedFromMemory is not a mono symbol file
Symbol file data-00000216F1578E90 doesn't match image C:\Users\loren\Desktop\Polimi\Progetto_Ehealth\E-Health-Project\EcoQuest\Library\ScriptAssemblies\UnityEditor.UI.dll
Symbol file LoadedFromMemory is not a mono symbol file
Symbol file data-00000216F3AD9020 doesn't match image C:\Users\loren\Desktop\Polimi\Progetto_Ehealth\E-Health-Project\EcoQuest\Library\ScriptAssemblies\Unity.VisualScripting.Core.Editor.dll
Symbol file LoadedFromMemory is not a mono symbol file
Symbol file data-00000216F1578E90 doesn't match image C:\Users\loren\Desktop\Polimi\Progetto_Ehealth\E-Health-Project\EcoQuest\Library\ScriptAssemblies\Unity.Rider.Editor.dll
Symbol file LoadedFromMemory is not a mono symbol file
Symbol file data-00000216F34BFCA0 doesn't match image C:\Users\loren\Desktop\Polimi\Progetto_Ehealth\E-Health-Project\EcoQuest\Library\ScriptAssemblies\Unity.VisualScripting.State.dll
Symbol file LoadedFromMemory is not a mono symbol file
Symbol file data-00000216F34BFCA0 doesn't match image C:\Users\loren\Desktop\Polimi\Progetto_Ehealth\E-Health-Project\EcoQuest\Library\ScriptAssemblies\Unity.VSCode.Editor.dll
Symbol file LoadedFromMemory is not a mono symbol file
Symbol file data-00000216F2377240 doesn't match image C:\Users\loren\Desktop\Polimi\Progetto_Ehealth\E-Health-Project\EcoQuest\Library\ScriptAssemblies\UnityEditor.TestRunner.dll
Symbol file LoadedFromMemory is not a mono symbol file
Symbol file data-00000216F3B10630 doesn't match image C:\Users\loren\Desktop\Polimi\Progetto_Ehealth\E-Health-Project\EcoQuest\Library\ScriptAssemblies\Unity.VisualScripting.Flow.dll
Symbol file LoadedFromMemory is not a mono symbol file
Symbol file data-00000216F2377240 doesn't match image C:\Users\loren\Desktop\Polimi\Progetto_Ehealth\E-Health-Project\EcoQuest\Library\ScriptAssemblies\Unity.VisualScripting.Flow.Editor.dll
Symbol file LoadedFromMemory is not a mono symbol file
- Loaded All Assemblies, in  5.571 seconds
Refreshing native plugins compatible for Editor in 8.74 ms, found 3 plugins.
Native extension for WindowsStandalone target not found
Package Manager log level set to [2]
[Package Manager] Server::EnsureServerProcessIsRunning -- launch failed, reason: Unity was launched with the -noUpm command-line argument
[Package Manager] UpmClient::Send -- Unable to send message (not connected to UPM process).
[Package Manager] Cannot connect to Unity Package Manager local server
Mono: successfully reloaded assembly
- Finished resetting the current domain, in  1.731 seconds
Domain Reload Profiling: 7246ms
	BeginReloadAssembly (734ms)
		ExecutionOrderSort (0ms)
		DisableScriptedObjects (20ms)
		BackupInstance (0ms)
		ReleaseScriptingObjects (0ms)
		CreateAndSetChildDomain (64ms)
	RebuildCommonClasses (197ms)
	RebuildNativeTypeToScriptingClass (35ms)
	initialDomainReloadingComplete (217ms)
	LoadAllAssembliesAndSetupDomain (4331ms)
		LoadAssemblies (4144ms)
		RebuildTransferFunctionScriptingTraits (0ms)
		AnalyzeDomain (686ms)
			TypeCache.Refresh (650ms)
				TypeCache.ScanAssembly (619ms)
			ScanForSourceGeneratedMonoScriptInfo (27ms)
			ResolveRequiredComponents (7ms)
	FinalizeReload (1732ms)
		ReleaseScriptCaches (0ms)
		RebuildScriptCaches (0ms)
		SetupLoadedEditorAssemblies (1332ms)
			LogAssemblyErrors (0ms)
			InitializePlatformSupportModulesInManaged (9ms)
			SetLoadedEditorAssemblies (5ms)
			RefreshPlugins (0ms)
			BeforeProcessingInitializeOnLoad (90ms)
			ProcessInitializeOnLoadAttributes (1188ms)
			ProcessInitializeOnLoadMethodAttributes (23ms)
			AfterProcessingInitializeOnLoad (16ms)
			EditorAssembliesLoaded (0ms)
		ExecutionOrderSort2 (0ms)
		AwakeInstancesAfterBackupRestoration (14ms)
Launched and connected shader compiler UnityShaderCompiler.exe after 0.11 seconds
Refreshing native plugins compatible for Editor in 7.47 ms, found 3 plugins.
Preloading 0 native plugins for Editor in 0.00 ms.
Unloading 3073 Unused Serialized files (Serialized files now loaded: 0)
Unloading 31 unused Assets / (56.3 KB). Loaded Objects now: 3538.
Memory consumption went from 119.1 MB to 119.1 MB.
Total: 3.888400 ms (FindLiveObjects: 0.271000 ms CreateObjectMapping: 0.228000 ms MarkObjects: 3.283100 ms  DeleteObjects: 0.105100 ms)

AssetImportParameters requested are different than current active one (requested -> active):
  custom:container-demuxer-ogg: 62fdf1f143b41e24485cea50d1cbac27 -> 
  custom:video-codec-MediaFoundation-h265: 746d11721c4dcdbdad8f713fa42b33f4 -> 
  custom:video-decoder-ogg-theora: a1e56fd34408186e4bbccfd4996cb3dc -> 
  custom:framework-win-MediaFoundation: 216162199b28c13a410421893ffa2e32 -> 
  custom:CustomObjectIndexerAttribute: 756ad292c208cfabdd7b50bc23989ffe -> 
  custom:container-demuxer-webm: 4f35f7cbe854078d1ac9338744f61a02 -> 
  custom:container-muxer-webm: aa71ff27fc2769a1b78a27578f13a17b -> 
  custom:video-decoder-webm-vp8: 9c59270c3fd7afecdb556c50c9e8de78 -> 
  custom:SearchIndexIgnoredProperties: e643bd26f0fe6173181afceb89e7c659 -> 
  custom:AudioImporter_EditorPlatform: d09bf68614088b80899f8185d706f6e7 -> 
  custom:video-encoder-webm-vp8: eb34c28f22e8b96e1ab97ce403110664 -> 
  custom:audio-decoder-ogg-vorbis: bf7c407c2cedff20999df2af8eb42d56 -> 
  custom:audio-encoder-webm-vorbis: bf7c407c2cedff20999df2af8eb42d56 -> 
========================================================================
Received Import Request.
  Time since last request: 1364103.407725 seconds.
  path: Assets/Scenes/SampleScene.unity
  artifactKey: Guid(9fc0d4010bbf28b4594072e72b8655ab) Importer(815301076,1909f56bfc062723c751e8b465ee728b)
Start importing Assets/Scenes/SampleScene.unity using Guid(9fc0d4010bbf28b4594072e72b8655ab) Importer(815301076,1909f56bfc062723c751e8b465ee728b)  -> (artifact id: '5d6a272bcf704c773c1b8d2b00ab37e3') in 0.002954 seconds
Number of updated asset objects reloaded before import = 0
Number of asset objects unloaded after import = 0
========================================================================
Received Import Request.
  Time since last request: 13.862982 seconds.
  path: Assets/Scenes/FloodedCity.unity
  artifactKey: Guid(9fc0d4010bbf28b4594072e72b8655ab) Importer(815301076,1909f56bfc062723c751e8b465ee728b)
Start importing Assets/Scenes/FloodedCity.unity using Guid(9fc0d4010bbf28b4594072e72b8655ab) Importer(815301076,1909f56bfc062723c751e8b465ee728b)  -> (artifact id: 'fb8e64406d43b3f81382cc0c71606d70') in 0.001866 seconds
Number of updated asset objects reloaded before import = 0
Number of asset objects unloaded after import = 0
========================================================================
Received Import Request.
  Time since last request: 6.958673 seconds.
  path: Assets/Scenes/TestScene.unity
  artifactKey: Guid(879376ccd5e34374a9be86bd29faa3b8) Importer(815301076,1909f56bfc062723c751e8b465ee728b)
Start importing Assets/Scenes/TestScene.unity using Guid(879376ccd5e34374a9be86bd29faa3b8) Importer(815301076,1909f56bfc062723c751e8b465ee728b)  -> (artifact id: '98aa286f6d9bed270d413dfea9db47ba') in 0.003890 seconds
Number of updated asset objects reloaded before import = 0
Number of asset objects unloaded after import = 0
========================================================================
Received Import Request.
  Time since last request: 301.996582 seconds.
  path: Assets/LowPolyFarmLite/LowPolyFarmLite_2020.3_HDRP_v1.02.unitypackage
  artifactKey: Guid(994e89b9af4a91843bd5f378a614d3b2) Importer(815301076,1909f56bfc062723c751e8b465ee728b)
Start importing Assets/LowPolyFarmLite/LowPolyFarmLite_2020.3_HDRP_v1.02.unitypackage using Guid(994e89b9af4a91843bd5f378a614d3b2) Importer(815301076,1909f56bfc062723c751e8b465ee728b)  -> (artifact id: 'a43f031adaca3612e9e8f11624c82786') in 0.050924 seconds
Number of updated asset objects reloaded before import = 0
Number of asset objects unloaded after import = 1
========================================================================
Received Import Request.
  Time since last request: 0.952662 seconds.
  path: Assets/LowPolyFarmLite/LowPolyFarmLite_2020.3_URP_v1.02.unitypackage
  artifactKey: Guid(f2170465ab346864fb9bbd4d5ae14559) Importer(815301076,1909f56bfc062723c751e8b465ee728b)
Start importing Assets/LowPolyFarmLite/LowPolyFarmLite_2020.3_URP_v1.02.unitypackage using Guid(f2170465ab346864fb9bbd4d5ae14559) Importer(815301076,1909f56bfc062723c751e8b465ee728b)  -> (artifact id: 'e31f98107a74284e25460b0446a44814') in 0.006446 seconds
Number of updated asset objects reloaded before import = 0
Number of asset objects unloaded after import = 1
========================================================================
Received Import Request.
  Time since last request: 2.694032 seconds.
  path: Assets/LowPolyFarmLite/Scenes
  artifactKey: Guid(a8ca82e7a3f46d04db5b1c44ce6e5562) Importer(815301076,1909f56bfc062723c751e8b465ee728b)
Start importing Assets/LowPolyFarmLite/Scenes using Guid(a8ca82e7a3f46d04db5b1c44ce6e5562) Importer(815301076,1909f56bfc062723c751e8b465ee728b)  -> (artifact id: '6a0b69eea8033f887d58a6e4a8c54399') in 0.004652 seconds
Number of updated asset objects reloaded before import = 0
Number of asset objects unloaded after import = 0
========================================================================
Received Import Request.
  Time since last request: 0.991857 seconds.
  path: Assets/LowPolyFarmLite/Scenes/LowPolyFarmLite_Demo.unity
  artifactKey: Guid(02b22eabe90848144a0d8977d339b3ee) Importer(815301076,1909f56bfc062723c751e8b465ee728b)
Start importing Assets/LowPolyFarmLite/Scenes/LowPolyFarmLite_Demo.unity using Guid(02b22eabe90848144a0d8977d339b3ee) Importer(815301076,1909f56bfc062723c751e8b465ee728b)  -> (artifact id: '45ceb01e6193b7051aa62cc82694e7ec') in 0.002694 seconds
Number of updated asset objects reloaded before import = 0
Number of asset objects unloaded after import = 0
========================================================================
Received Import Request.
  Time since last request: 0.847859 seconds.
  path: Assets/LowPolyFarmLite/Scenes/LowPolyFarmLite_Overview.unity
  artifactKey: Guid(0d213542539e07e42a778fc738e204f3) Importer(815301076,1909f56bfc062723c751e8b465ee728b)
Start importing Assets/LowPolyFarmLite/Scenes/LowPolyFarmLite_Overview.unity using Guid(0d213542539e07e42a778fc738e204f3) Importer(815301076,1909f56bfc062723c751e8b465ee728b)  -> (artifact id: '4fb837b5337cc03517075e5abae5494c') in 0.005745 seconds
Number of updated asset objects reloaded before import = 0
Number of asset objects unloaded after import = 0
========================================================================
Received Import Request.
  Time since last request: 836.902131 seconds.
  path: Assets/LowPolyInterior/Scenes
  artifactKey: Guid(f0473896a9560a249811bddfb0f776a4) Importer(815301076,1909f56bfc062723c751e8b465ee728b)
Start importing Assets/LowPolyInterior/Scenes using Guid(f0473896a9560a249811bddfb0f776a4) Importer(815301076,1909f56bfc062723c751e8b465ee728b)  -> (artifact id: '0c542f892f7edfa83cedbaaeea644750') in 0.003763 seconds
Number of updated asset objects reloaded before import = 0
Number of asset objects unloaded after import = 0
========================================================================
Received Import Request.
  Time since last request: 1.400699 seconds.
  path: Assets/LowPolyInterior/Scenes/LowPolyInterior_Demo.unity
  artifactKey: Guid(be7da2d78e467814186fe24a4e542b91) Importer(815301076,1909f56bfc062723c751e8b465ee728b)
Start importing Assets/LowPolyInterior/Scenes/LowPolyInterior_Demo.unity using Guid(be7da2d78e467814186fe24a4e542b91) Importer(815301076,1909f56bfc062723c751e8b465ee728b)  -> (artifact id: '906f7392b1156d416592305d6ad2b474') in 0.004590 seconds
Number of updated asset objects reloaded before import = 0
Number of asset objects unloaded after import = 0
========================================================================
Received Prepare
Begin MonoManager ReloadAssembly
Symbol file data-00000216F43D8BD0 doesn't match image C:\Users\loren\Desktop\Polimi\Progetto_Ehealth\E-Health-Project\EcoQuest\Library\ScriptAssemblies\Unity.Timeline.dll
Symbol file LoadedFromMemory is not a mono symbol file
Symbol file data-00000216F4283020 doesn't match image C:\Users\loren\Desktop\Polimi\Progetto_Ehealth\E-Health-Project\EcoQuest\Library\ScriptAssemblies\Unity.TestTools.CodeCoverage.Editor.OpenCover.Mono.Reflection.dll
Symbol file LoadedFromMemory is not a mono symbol file
Symbol file data-00000216F1A6F790 doesn't match image C:\Users\loren\Desktop\Polimi\Progetto_Ehealth\E-Health-Project\EcoQuest\Library\ScriptAssemblies\UnityEngine.UI.dll
Symbol file LoadedFromMemory is not a mono symbol file
Symbol file data-00000216F4283020 doesn't match image C:\Users\loren\Desktop\Polimi\Progetto_Ehealth\E-Health-Project\EcoQuest\Library\ScriptAssemblies\Unity.EditorCoroutines.Editor.dll
Symbol file LoadedFromMemory is not a mono symbol file
Symbol file data-00000216F4287830 doesn't match image C:\Users\loren\Desktop\Polimi\Progetto_Ehealth\E-Health-Project\EcoQuest\Library\ScriptAssemblies\Unity.VisualScripting.SettingsProvider.Editor.dll
Symbol file LoadedFromMemory is not a mono symbol file
Symbol file data-00000216F442E010 doesn't match image C:\Users\loren\Desktop\Polimi\Progetto_Ehealth\E-Health-Project\EcoQuest\Library\ScriptAssemblies\Unity.Performance.Profile-Analyzer.Editor.dll
Symbol file LoadedFromMemory is not a mono symbol file
Symbol file data-00000216B02A4020 doesn't match image C:\Users\loren\Desktop\Polimi\Progetto_Ehealth\E-Health-Project\EcoQuest\Library\ScriptAssemblies\Unity.TestTools.CodeCoverage.Editor.dll
Symbol file LoadedFromMemory is not a mono symbol file
Symbol file data-00000216B02A4020 doesn't match image C:\Users\loren\Desktop\Polimi\Progetto_Ehealth\E-Health-Project\EcoQuest\Library\ScriptAssemblies\Unity.TestTools.CodeCoverage.Editor.OpenCover.Model.dll
Symbol file LoadedFromMemory is not a mono symbol file
Symbol file data-00000216FC8D3020 doesn't match image C:\Users\loren\Desktop\Polimi\Progetto_Ehealth\E-Health-Project\EcoQuest\Library\ScriptAssemblies\Unity.PlasticSCM.Editor.dll
Symbol file LoadedFromMemory is not a mono symbol file
Symbol file data-00000216F1FA03A0 doesn't match image C:\Users\loren\Desktop\Polimi\Progetto_Ehealth\E-Health-Project\EcoQuest\Library\ScriptAssemblies\UnityEngine.TestRunner.dll
Symbol file LoadedFromMemory is not a mono symbol file
Symbol file data-00000216B02A4020 doesn't match image C:\Users\loren\Desktop\Polimi\Progetto_Ehealth\E-Health-Project\EcoQuest\Library\ScriptAssemblies\Unity.VisualScripting.State.Editor.dll
Symbol file LoadedFromMemory is not a mono symbol file
Symbol file data-00000216FC17A020 doesn't match image C:\Users\loren\Desktop\Polimi\Progetto_Ehealth\E-Health-Project\EcoQuest\Library\ScriptAssemblies\Unity.Timeline.Editor.dll
Symbol file LoadedFromMemory is not a mono symbol file
Symbol file data-00000216F1FA03A0 doesn't match image C:\Users\loren\Desktop\Polimi\Progetto_Ehealth\E-Health-Project\EcoQuest\Library\ScriptAssemblies\Unity.Settings.Editor.dll
Symbol file LoadedFromMemory is not a mono symbol file
Symbol file data-00000216F321BE20 doesn't match image C:\Users\loren\Desktop\Polimi\Progetto_Ehealth\E-Health-Project\EcoQuest\Library\ScriptAssemblies\Unity.VisualScripting.Shared.Editor.dll
Symbol file LoadedFromMemory is not a mono symbol file
Symbol file data-00000216F321BE20 doesn't match image C:\Users\loren\Desktop\Polimi\Progetto_Ehealth\E-Health-Project\EcoQuest\Library\ScriptAssemblies\Unity.CollabProxy.Editor.dll
Symbol file LoadedFromMemory is not a mono symbol file
Symbol file data-00000216F1FA03A0 doesn't match image C:\Users\loren\Desktop\Polimi\Progetto_Ehealth\E-Health-Project\EcoQuest\Library\ScriptAssemblies\Unity.VisualStudio.Editor.dll
Symbol file LoadedFromMemory is not a mono symbol file
Symbol file data-00000216FC937010 doesn't match image C:\Users\loren\Desktop\Polimi\Progetto_Ehealth\E-Health-Project\EcoQuest\Library\ScriptAssemblies\Unity.TextMeshPro.dll
Symbol file LoadedFromMemory is not a mono symbol file
Symbol file data-00000216FC937010 doesn't match image C:\Users\loren\Desktop\Polimi\Progetto_Ehealth\E-Health-Project\EcoQuest\Library\ScriptAssemblies\Unity.VisualScripting.Core.dll
Symbol file LoadedFromMemory is not a mono symbol file
Symbol file data-00000216F4121010 doesn't match image C:\Users\loren\Desktop\Polimi\Progetto_Ehealth\E-Health-Project\EcoQuest\Library\ScriptAssemblies\Unity.TextMeshPro.Editor.dll
Symbol file LoadedFromMemory is not a mono symbol file
Symbol file data-00000216F1578E90 doesn't match image C:\Users\loren\Desktop\Polimi\Progetto_Ehealth\E-Health-Project\EcoQuest\Library\ScriptAssemblies\UnityEditor.UI.dll
Symbol file LoadedFromMemory is not a mono symbol file
Symbol file data-00000216F1AF96F0 doesn't match image C:\Users\loren\Desktop\Polimi\Progetto_Ehealth\E-Health-Project\EcoQuest\Library\ScriptAssemblies\Unity.VisualScripting.Core.Editor.dll
Symbol file LoadedFromMemory is not a mono symbol file
Symbol file data-00000216F1578E90 doesn't match image C:\Users\loren\Desktop\Polimi\Progetto_Ehealth\E-Health-Project\EcoQuest\Library\ScriptAssemblies\Unity.Rider.Editor.dll
Symbol file LoadedFromMemory is not a mono symbol file
Symbol file data-00000216F1578E90 doesn't match image C:\Users\loren\Desktop\Polimi\Progetto_Ehealth\E-Health-Project\EcoQuest\Library\ScriptAssemblies\Unity.VisualScripting.State.dll
Symbol file LoadedFromMemory is not a mono symbol file
Symbol file data-00000216F4E5F030 doesn't match image C:\Users\loren\Desktop\Polimi\Progetto_Ehealth\E-Health-Project\EcoQuest\Library\ScriptAssemblies\Unity.VSCode.Editor.dll
Symbol file LoadedFromMemory is not a mono symbol file
Symbol file data-00000216F36CCE40 doesn't match image C:\Users\loren\Desktop\Polimi\Progetto_Ehealth\E-Health-Project\EcoQuest\Library\ScriptAssemblies\UnityEditor.TestRunner.dll
Symbol file LoadedFromMemory is not a mono symbol file
Symbol file data-00000216F15D0010 doesn't match image C:\Users\loren\Desktop\Polimi\Progetto_Ehealth\E-Health-Project\EcoQuest\Library\ScriptAssemblies\Unity.VisualScripting.Flow.dll
Symbol file LoadedFromMemory is not a mono symbol file
Symbol file data-00000216F442E010 doesn't match image C:\Users\loren\Desktop\Polimi\Progetto_Ehealth\E-Health-Project\EcoQuest\Library\ScriptAssemblies\Unity.VisualScripting.Flow.Editor.dll
Symbol file LoadedFromMemory is not a mono symbol file
- Loaded All Assemblies, in  2.180 seconds
Refreshing native plugins compatible for Editor in 38.19 ms, found 3 plugins.
Native extension for WindowsStandalone target not found
[Package Manager] Server::EnsureServerProcessIsRunning -- launch failed, reason: Unity was launched with the -noUpm command-line argument
[Package Manager] UpmClient::Send -- Unable to send message (not connected to UPM process).
[Package Manager] Cannot connect to Unity Package Manager local server
Mono: successfully reloaded assembly
- Finished resetting the current domain, in  8.401 seconds
Domain Reload Profiling: 10554ms
	BeginReloadAssembly (500ms)
		ExecutionOrderSort (0ms)
		DisableScriptedObjects (11ms)
		BackupInstance (0ms)
		ReleaseScriptingObjects (0ms)
		CreateAndSetChildDomain (54ms)
	RebuildCommonClasses (67ms)
	RebuildNativeTypeToScriptingClass (26ms)
	initialDomainReloadingComplete (96ms)
	LoadAllAssembliesAndSetupDomain (1461ms)
		LoadAssemblies (1782ms)
		RebuildTransferFunctionScriptingTraits (0ms)
		AnalyzeDomain (57ms)
			TypeCache.Refresh (20ms)
				TypeCache.ScanAssembly (0ms)
			ScanForSourceGeneratedMonoScriptInfo (0ms)
			ResolveRequiredComponents (35ms)
	FinalizeReload (8404ms)
		ReleaseScriptCaches (0ms)
		RebuildScriptCaches (0ms)
		SetupLoadedEditorAssemblies (2855ms)
			LogAssemblyErrors (0ms)
			InitializePlatformSupportModulesInManaged (23ms)
			SetLoadedEditorAssemblies (13ms)
			RefreshPlugins (0ms)
			BeforeProcessingInitializeOnLoad (139ms)
			ProcessInitializeOnLoadAttributes (2455ms)
			ProcessInitializeOnLoadMethodAttributes (120ms)
			AfterProcessingInitializeOnLoad (105ms)
			EditorAssembliesLoaded (0ms)
		ExecutionOrderSort2 (0ms)
		AwakeInstancesAfterBackupRestoration (23ms)
Refreshing native plugins compatible for Editor in 144.83 ms, found 3 plugins.
Preloading 0 native plugins for Editor in 0.00 ms.
Unloading 3061 Unused Serialized files (Serialized files now loaded: 0)
Unloading 22 unused Assets / (30.5 KB). Loaded Objects now: 3542.
Memory consumption went from 116.9 MB to 116.9 MB.
Total: 17.499100 ms (FindLiveObjects: 0.494300 ms CreateObjectMapping: 0.352200 ms MarkObjects: 16.562900 ms  DeleteObjects: 0.087100 ms)

Prepare: number of updated asset objects reloaded= 0
AssetImportParameters requested are different than current active one (requested -> active):
  custom:container-demuxer-ogg: 62fdf1f143b41e24485cea50d1cbac27 -> 
  custom:video-codec-MediaFoundation-h265: 746d11721c4dcdbdad8f713fa42b33f4 -> 
  custom:video-decoder-ogg-theora: a1e56fd34408186e4bbccfd4996cb3dc -> 
  custom:framework-win-MediaFoundation: 216162199b28c13a410421893ffa2e32 -> 
  custom:CustomObjectIndexerAttribute: 756ad292c208cfabdd7b50bc23989ffe -> 
  custom:container-demuxer-webm: 4f35f7cbe854078d1ac9338744f61a02 -> 
  custom:container-muxer-webm: aa71ff27fc2769a1b78a27578f13a17b -> 
  custom:video-decoder-webm-vp8: 9c59270c3fd7afecdb556c50c9e8de78 -> 
  custom:SearchIndexIgnoredProperties: e643bd26f0fe6173181afceb89e7c659 -> 
  custom:AudioImporter_EditorPlatform: d09bf68614088b80899f8185d706f6e7 -> 
  custom:video-encoder-webm-vp8: eb34c28f22e8b96e1ab97ce403110664 -> 
  custom:audio-decoder-ogg-vorbis: bf7c407c2cedff20999df2af8eb42d56 -> 
  custom:audio-encoder-webm-vorbis: bf7c407c2cedff20999df2af8eb42d56 -> 
========================================================================
Received Prepare
Begin MonoManager ReloadAssembly
Symbol file data-00000216F35D5010 doesn't match image C:\Users\loren\Desktop\Polimi\Progetto_Ehealth\E-Health-Project\EcoQuest\Library\ScriptAssemblies\Unity.Timeline.dll
Symbol file LoadedFromMemory is not a mono symbol file
Symbol file data-00000216FD236670 doesn't match image C:\Users\loren\Desktop\Polimi\Progetto_Ehealth\E-Health-Project\EcoQuest\Library\ScriptAssemblies\Unity.TestTools.CodeCoverage.Editor.OpenCover.Mono.Reflection.dll
Symbol file LoadedFromMemory is not a mono symbol file
Symbol file data-00000216F4291A60 doesn't match image C:\Users\loren\Desktop\Polimi\Progetto_Ehealth\E-Health-Project\EcoQuest\Library\ScriptAssemblies\UnityEngine.UI.dll
Symbol file LoadedFromMemory is not a mono symbol file
Symbol file data-00000216FD236670 doesn't match image C:\Users\loren\Desktop\Polimi\Progetto_Ehealth\E-Health-Project\EcoQuest\Library\ScriptAssemblies\Unity.EditorCoroutines.Editor.dll
Symbol file LoadedFromMemory is not a mono symbol file
Symbol file data-00000216FC2FC010 doesn't match image C:\Users\loren\Desktop\Polimi\Progetto_Ehealth\E-Health-Project\EcoQuest\Library\ScriptAssemblies\Unity.VisualScripting.SettingsProvider.Editor.dll
Symbol file LoadedFromMemory is not a mono symbol file
Symbol file data-00000216F3C0E010 doesn't match image C:\Users\loren\Desktop\Polimi\Progetto_Ehealth\E-Health-Project\EcoQuest\Library\ScriptAssemblies\Unity.Performance.Profile-Analyzer.Editor.dll
Symbol file LoadedFromMemory is not a mono symbol file
Symbol file data-00000216F45B5020 doesn't match image C:\Users\loren\Desktop\Polimi\Progetto_Ehealth\E-Health-Project\EcoQuest\Library\ScriptAssemblies\Unity.TestTools.CodeCoverage.Editor.dll
Symbol file LoadedFromMemory is not a mono symbol file
Symbol file data-00000216FCCF1010 doesn't match image C:\Users\loren\Desktop\Polimi\Progetto_Ehealth\E-Health-Project\EcoQuest\Library\ScriptAssemblies\Unity.TestTools.CodeCoverage.Editor.OpenCover.Model.dll
Symbol file LoadedFromMemory is not a mono symbol file
Symbol file data-00000216F36A9030 doesn't match image C:\Users\loren\Desktop\Polimi\Progetto_Ehealth\E-Health-Project\EcoQuest\Library\ScriptAssemblies\Unity.PlasticSCM.Editor.dll
Symbol file LoadedFromMemory is not a mono symbol file
Symbol file data-00000216FD25B8D0 doesn't match image C:\Users\loren\Desktop\Polimi\Progetto_Ehealth\E-Health-Project\EcoQuest\Library\ScriptAssemblies\UnityEngine.TestRunner.dll
Symbol file LoadedFromMemory is not a mono symbol file
Symbol file data-00000216FC831020 doesn't match image C:\Users\loren\Desktop\Polimi\Progetto_Ehealth\E-Health-Project\EcoQuest\Library\ScriptAssemblies\Unity.VisualScripting.State.Editor.dll
Symbol file LoadedFromMemory is not a mono symbol file
Symbol file data-00000216F4DFD010 doesn't match image C:\Users\loren\Desktop\Polimi\Progetto_Ehealth\E-Health-Project\EcoQuest\Library\ScriptAssemblies\Unity.Timeline.Editor.dll
Symbol file LoadedFromMemory is not a mono symbol file
Symbol file data-00000216FCCF1010 doesn't match image C:\Users\loren\Desktop\Polimi\Progetto_Ehealth\E-Health-Project\EcoQuest\Library\ScriptAssemblies\Unity.Settings.Editor.dll
Symbol file LoadedFromMemory is not a mono symbol file
Symbol file data-00000216FCCF1010 doesn't match image C:\Users\loren\Desktop\Polimi\Progetto_Ehealth\E-Health-Project\EcoQuest\Library\ScriptAssemblies\Unity.VisualScripting.Shared.Editor.dll
Symbol file LoadedFromMemory is not a mono symbol file
Symbol file data-00000216FCCF1010 doesn't match image C:\Users\loren\Desktop\Polimi\Progetto_Ehealth\E-Health-Project\EcoQuest\Library\ScriptAssemblies\Unity.CollabProxy.Editor.dll
Symbol file LoadedFromMemory is not a mono symbol file
Symbol file data-00000216FC831020 doesn't match image C:\Users\loren\Desktop\Polimi\Progetto_Ehealth\E-Health-Project\EcoQuest\Library\ScriptAssemblies\Unity.VisualStudio.Editor.dll
Symbol file LoadedFromMemory is not a mono symbol file
Symbol file data-00000216F15D0010 doesn't match image C:\Users\loren\Desktop\Polimi\Progetto_Ehealth\E-Health-Project\EcoQuest\Library\ScriptAssemblies\Unity.TextMeshPro.dll
Symbol file LoadedFromMemory is not a mono symbol file
Symbol file data-00000216FC4B6050 doesn't match image C:\Users\loren\Desktop\Polimi\Progetto_Ehealth\E-Health-Project\EcoQuest\Library\ScriptAssemblies\Unity.VisualScripting.Core.dll
Symbol file LoadedFromMemory is not a mono symbol file
Symbol file data-00000216F35D5010 doesn't match image C:\Users\loren\Desktop\Polimi\Progetto_Ehealth\E-Health-Project\EcoQuest\Library\ScriptAssemblies\Unity.TextMeshPro.Editor.dll
Symbol file LoadedFromMemory is not a mono symbol file
Symbol file data-00000216FC831020 doesn't match image C:\Users\loren\Desktop\Polimi\Progetto_Ehealth\E-Health-Project\EcoQuest\Library\ScriptAssemblies\UnityEditor.UI.dll
Symbol file LoadedFromMemory is not a mono symbol file
Symbol file data-00000216F1AF96F0 doesn't match image C:\Users\loren\Desktop\Polimi\Progetto_Ehealth\E-Health-Project\EcoQuest\Library\ScriptAssemblies\Unity.VisualScripting.Core.Editor.dll
Symbol file LoadedFromMemory is not a mono symbol file
Symbol file data-00000216F47AB180 doesn't match image C:\Users\loren\Desktop\Polimi\Progetto_Ehealth\E-Health-Project\EcoQuest\Library\ScriptAssemblies\Unity.Rider.Editor.dll
Symbol file LoadedFromMemory is not a mono symbol file
Symbol file data-00000216FCCF1010 doesn't match image C:\Users\loren\Desktop\Polimi\Progetto_Ehealth\E-Health-Project\EcoQuest\Library\ScriptAssemblies\Unity.VisualScripting.State.dll
Symbol file LoadedFromMemory is not a mono symbol file
Symbol file data-00000216FCCF1010 doesn't match image C:\Users\loren\Desktop\Polimi\Progetto_Ehealth\E-Health-Project\EcoQuest\Library\ScriptAssemblies\Unity.VSCode.Editor.dll
Symbol file LoadedFromMemory is not a mono symbol file
Symbol file data-00000216F16EA010 doesn't match image C:\Users\loren\Desktop\Polimi\Progetto_Ehealth\E-Health-Project\EcoQuest\Library\ScriptAssemblies\UnityEditor.TestRunner.dll
Symbol file LoadedFromMemory is not a mono symbol file
Symbol file data-00000216F221DCA0 doesn't match image C:\Users\loren\Desktop\Polimi\Progetto_Ehealth\E-Health-Project\EcoQuest\Library\ScriptAssemblies\Unity.VisualScripting.Flow.dll
Symbol file LoadedFromMemory is not a mono symbol file
Symbol file data-00000216F3C0E010 doesn't match image C:\Users\loren\Desktop\Polimi\Progetto_Ehealth\E-Health-Project\EcoQuest\Library\ScriptAssemblies\Unity.VisualScripting.Flow.Editor.dll
Symbol file LoadedFromMemory is not a mono symbol file
- Loaded All Assemblies, in  0.874 seconds
Refreshing native plugins compatible for Editor in 12.56 ms, found 3 plugins.
Native extension for WindowsStandalone target not found
[Package Manager] Server::EnsureServerProcessIsRunning -- launch failed, reason: Unity was launched with the -noUpm command-line argument
[Package Manager] UpmClient::Send -- Unable to send message (not connected to UPM process).
[Package Manager] Cannot connect to Unity Package Manager local server
Mono: successfully reloaded assembly
- Finished resetting the current domain, in  8.596 seconds
Domain Reload Profiling: 9463ms
	BeginReloadAssembly (256ms)
		ExecutionOrderSort (0ms)
		DisableScriptedObjects (11ms)
		BackupInstance (0ms)
		ReleaseScriptingObjects (0ms)
		CreateAndSetChildDomain (47ms)
	RebuildCommonClasses (64ms)
	RebuildNativeTypeToScriptingClass (16ms)
	initialDomainReloadingComplete (54ms)
	LoadAllAssembliesAndSetupDomain (474ms)
		LoadAssemblies (597ms)
		RebuildTransferFunctionScriptingTraits (0ms)
		AnalyzeDomain (20ms)
			TypeCache.Refresh (10ms)
				TypeCache.ScanAssembly (0ms)
			ScanForSourceGeneratedMonoScriptInfo (0ms)
			ResolveRequiredComponents (8ms)
	FinalizeReload (8598ms)
		ReleaseScriptCaches (0ms)
		RebuildScriptCaches (0ms)
		SetupLoadedEditorAssemblies (2215ms)
			LogAssemblyErrors (0ms)
			InitializePlatformSupportModulesInManaged (35ms)
			SetLoadedEditorAssemblies (18ms)
			RefreshPlugins (0ms)
			BeforeProcessingInitializeOnLoad (434ms)
			ProcessInitializeOnLoadAttributes (1535ms)
			ProcessInitializeOnLoadMethodAttributes (100ms)
			AfterProcessingInitializeOnLoad (92ms)
			EditorAssembliesLoaded (0ms)
		ExecutionOrderSort2 (0ms)
		AwakeInstancesAfterBackupRestoration (44ms)
Refreshing native plugins compatible for Editor in 21.20 ms, found 3 plugins.
Preloading 0 native plugins for Editor in 0.00 ms.
Unloading 3062 Unused Serialized files (Serialized files now loaded: 0)
Unloading 22 unused Assets / (30.5 KB). Loaded Objects now: 3545.
Memory consumption went from 117.2 MB to 117.1 MB.
Total: 11.803300 ms (FindLiveObjects: 1.006800 ms CreateObjectMapping: 1.938400 ms MarkObjects: 8.463200 ms  DeleteObjects: 0.387400 ms)

Prepare: number of updated asset objects reloaded= 0
AssetImportParameters requested are different than current active one (requested -> active):
  custom:container-demuxer-ogg: 62fdf1f143b41e24485cea50d1cbac27 -> 
  custom:video-codec-MediaFoundation-h265: 746d11721c4dcdbdad8f713fa42b33f4 -> 
  custom:video-decoder-ogg-theora: a1e56fd34408186e4bbccfd4996cb3dc -> 
  custom:framework-win-MediaFoundation: 216162199b28c13a410421893ffa2e32 -> 
  custom:CustomObjectIndexerAttribute: 756ad292c208cfabdd7b50bc23989ffe -> 
  custom:container-demuxer-webm: 4f35f7cbe854078d1ac9338744f61a02 -> 
  custom:container-muxer-webm: aa71ff27fc2769a1b78a27578f13a17b -> 
  custom:video-decoder-webm-vp8: 9c59270c3fd7afecdb556c50c9e8de78 -> 
  custom:SearchIndexIgnoredProperties: e643bd26f0fe6173181afceb89e7c659 -> 
  custom:AudioImporter_EditorPlatform: d09bf68614088b80899f8185d706f6e7 -> 
  custom:video-encoder-webm-vp8: eb34c28f22e8b96e1ab97ce403110664 -> 
  custom:audio-decoder-ogg-vorbis: bf7c407c2cedff20999df2af8eb42d56 -> 
  custom:audio-encoder-webm-vorbis: bf7c407c2cedff20999df2af8eb42d56 -> 
