Using pre-set license
Built from '2022.3/staging' branch; Version is '2022.3.10f1 (ff3792e53c62) revision 16725906'; Using compiler version '192829333'; Build Type 'Release'
OS: 'Windows 11  (10.0.22621) 64bit Core' Language: 'it' Physical Memory: 8067 MB
BatchMode: 1, IsHumanControllingUs: 0, StartBugReporterOnCrash: 0, Is64bit: 1, IsPro: 1

COMMAND LINE ARGUMENTS:
C:\Program Files\Unity\Hub\Editor\2022.3.10f1\Editor\Unity.exe
-adb2
-batchMode
-noUpm
-name
AssetImportWorker0
-projectPath
C:/Users/loren/Desktop/Polimi/Progetto_Ehealth/E-Health-Project/EcoQuest
-logFile
Logs/AssetImportWorker0.log
-srvPort
60979
Successfully changed project path to: C:/Users/loren/Desktop/Polimi/Progetto_Ehealth/E-Health-Project/EcoQuest
C:/Users/loren/Desktop/Polimi/Progetto_Ehealth/E-Health-Project/EcoQuest
[UnityMemory] Configuration Parameters - Can be set up in boot.config
    "memorysetup-bucket-allocator-granularity=16"
    "memorysetup-bucket-allocator-bucket-count=8"
    "memorysetup-bucket-allocator-block-size=33554432"
    "memorysetup-bucket-allocator-block-count=8"
    "memorysetup-main-allocator-block-size=16777216"
    "memorysetup-thread-allocator-block-size=16777216"
    "memorysetup-gfx-main-allocator-block-size=16777216"
    "memorysetup-gfx-thread-allocator-block-size=16777216"
    "memorysetup-cache-allocator-block-size=4194304"
    "memorysetup-typetree-allocator-block-size=2097152"
    "memorysetup-profiler-bucket-allocator-granularity=16"
    "memorysetup-profiler-bucket-allocator-bucket-count=8"
    "memorysetup-profiler-bucket-allocator-block-size=33554432"
    "memorysetup-profiler-bucket-allocator-block-count=8"
    "memorysetup-profiler-allocator-block-size=16777216"
    "memorysetup-profiler-editor-allocator-block-size=1048576"
    "memorysetup-temp-allocator-size-main=16777216"
    "memorysetup-job-temp-allocator-block-size=2097152"
    "memorysetup-job-temp-allocator-block-size-background=1048576"
    "memorysetup-job-temp-allocator-reduction-small-platforms=262144"
    "memorysetup-allocator-temp-initial-block-size-main=262144"
    "memorysetup-allocator-temp-initial-block-size-worker=262144"
    "memorysetup-temp-allocator-size-background-worker=32768"
    "memorysetup-temp-allocator-size-job-worker=262144"
    "memorysetup-temp-allocator-size-preload-manager=33554432"
    "memorysetup-temp-allocator-size-nav-mesh-worker=65536"
    "memorysetup-temp-allocator-size-audio-worker=65536"
    "memorysetup-temp-allocator-size-cloud-worker=32768"
    "memorysetup-temp-allocator-size-gi-baking-worker=262144"
    "memorysetup-temp-allocator-size-gfx=262144"
Player connection [17920] Host "[IP] 100.93.60.63 [Port] 0 [Flags] 2 [Guid] 4250446223 [EditorId] 4250446223 [Version] 1048832 [Id] WindowsEditor(7,DESKTOP-VUR0TVF) [Debug] 1 [PackageName] WindowsEditor [ProjectName] Editor" joined multi-casting on [225.0.0.222:54997]...

Player connection [17920] Host "[IP] 100.93.60.63 [Port] 0 [Flags] 2 [Guid] 4250446223 [EditorId] 4250446223 [Version] 1048832 [Id] WindowsEditor(7,DESKTOP-VUR0TVF) [Debug] 1 [PackageName] WindowsEditor [ProjectName] Editor" joined alternative multi-casting on [225.0.0.222:34997]...

[Physics::Module] Initialized MultithreadedJobDispatcher with 3 workers.
Refreshing native plugins compatible for Editor in 117.51 ms, found 3 plugins.
Preloading 0 native plugins for Editor in 0.00 ms.
Initialize engine version: 2022.3.10f1 (ff3792e53c62)
[Subsystems] Discovering subsystems at path C:/Program Files/Unity/Hub/Editor/2022.3.10f1/Editor/Data/Resources/UnitySubsystems
[Subsystems] Discovering subsystems at path C:/Users/loren/Desktop/Polimi/Progetto_Ehealth/E-Health-Project/EcoQuest/Assets
GfxDevice: creating device client; threaded=0; jobified=0
Direct3D:
    Version:  Direct3D 11.0 [level 11.1]
    Renderer: Intel(R) UHD Graphics 620 (ID=0x5917)
    Vendor:   Intel
    VRAM:     4033 MB
    Driver:   27.20.100.8729
Initialize mono
Mono path[0] = 'C:/Program Files/Unity/Hub/Editor/2022.3.10f1/Editor/Data/Managed'
Mono path[1] = 'C:/Program Files/Unity/Hub/Editor/2022.3.10f1/Editor/Data/MonoBleedingEdge/lib/mono/unityjit-win32'
Mono config path = 'C:/Program Files/Unity/Hub/Editor/2022.3.10f1/Editor/Data/MonoBleedingEdge/etc'
Using monoOptions --debugger-agent=transport=dt_socket,embedding=1,server=y,suspend=n,address=127.0.0.1:56308
Begin MonoManager ReloadAssembly
Registering precompiled unity dll's ...
Register platform support module: C:/Program Files/Unity/Hub/Editor/2022.3.10f1/Editor/Data/PlaybackEngines/WindowsStandaloneSupport/UnityEditor.WindowsStandalone.Extensions.dll
Registered in 0.080946 seconds.
- Loaded All Assemblies, in  1.419 seconds
Native extension for WindowsStandalone target not found
Mono: successfully reloaded assembly
- Finished resetting the current domain, in  1.156 seconds
Domain Reload Profiling: 2568ms
	BeginReloadAssembly (636ms)
		ExecutionOrderSort (0ms)
		DisableScriptedObjects (0ms)
		BackupInstance (0ms)
		ReleaseScriptingObjects (0ms)
		CreateAndSetChildDomain (1ms)
	RebuildCommonClasses (103ms)
	RebuildNativeTypeToScriptingClass (35ms)
	initialDomainReloadingComplete (256ms)
	LoadAllAssembliesAndSetupDomain (380ms)
		LoadAssemblies (630ms)
		RebuildTransferFunctionScriptingTraits (0ms)
		AnalyzeDomain (374ms)
			TypeCache.Refresh (372ms)
				TypeCache.ScanAssembly (337ms)
			ScanForSourceGeneratedMonoScriptInfo (1ms)
			ResolveRequiredComponents (1ms)
	FinalizeReload (1157ms)
		ReleaseScriptCaches (0ms)
		RebuildScriptCaches (0ms)
		SetupLoadedEditorAssemblies (1001ms)
			LogAssemblyErrors (0ms)
			InitializePlatformSupportModulesInManaged (210ms)
			SetLoadedEditorAssemblies (20ms)
			RefreshPlugins (0ms)
			BeforeProcessingInitializeOnLoad (90ms)
			ProcessInitializeOnLoadAttributes (535ms)
			ProcessInitializeOnLoadMethodAttributes (145ms)
			AfterProcessingInitializeOnLoad (0ms)
			EditorAssembliesLoaded (0ms)
		ExecutionOrderSort2 (0ms)
		AwakeInstancesAfterBackupRestoration (0ms)
========================================================================
Worker process is ready to serve import requests
Begin MonoManager ReloadAssembly
- Loaded All Assemblies, in  2.853 seconds
Refreshing native plugins compatible for Editor in 14.09 ms, found 3 plugins.
Native extension for WindowsStandalone target not found
Package Manager log level set to [2]
[Package Manager] Server::EnsureServerProcessIsRunning -- launch failed, reason: Unity was launched with the -noUpm command-line argument
[Package Manager] UpmClient::Send -- Unable to send message (not connected to UPM process).
[Package Manager] Cannot connect to Unity Package Manager local server
Mono: successfully reloaded assembly
- Finished resetting the current domain, in  2.159 seconds
Domain Reload Profiling: 5000ms
	BeginReloadAssembly (376ms)
		ExecutionOrderSort (0ms)
		DisableScriptedObjects (22ms)
		BackupInstance (0ms)
		ReleaseScriptingObjects (0ms)
		CreateAndSetChildDomain (35ms)
	RebuildCommonClasses (60ms)
	RebuildNativeTypeToScriptingClass (20ms)
	initialDomainReloadingComplete (92ms)
	LoadAllAssembliesAndSetupDomain (2292ms)
		LoadAssemblies (1110ms)
		RebuildTransferFunctionScriptingTraits (0ms)
		AnalyzeDomain (1415ms)
			TypeCache.Refresh (1317ms)
				TypeCache.ScanAssembly (1151ms)
			ScanForSourceGeneratedMonoScriptInfo (77ms)
			ResolveRequiredComponents (20ms)
	FinalizeReload (2160ms)
		ReleaseScriptCaches (0ms)
		RebuildScriptCaches (0ms)
		SetupLoadedEditorAssemblies (1707ms)
			LogAssemblyErrors (0ms)
			InitializePlatformSupportModulesInManaged (14ms)
			SetLoadedEditorAssemblies (5ms)
			RefreshPlugins (0ms)
			BeforeProcessingInitializeOnLoad (189ms)
			ProcessInitializeOnLoadAttributes (1239ms)
			ProcessInitializeOnLoadMethodAttributes (190ms)
			AfterProcessingInitializeOnLoad (68ms)
			EditorAssembliesLoaded (2ms)
		ExecutionOrderSort2 (0ms)
		AwakeInstancesAfterBackupRestoration (59ms)
Launched and connected shader compiler UnityShaderCompiler.exe after 0.60 seconds
Refreshing native plugins compatible for Editor in 32.59 ms, found 3 plugins.
Preloading 0 native plugins for Editor in 0.00 ms.
Unloading 5516 Unused Serialized files (Serialized files now loaded: 0)
Unloading 89 unused Assets / (0.8 MB). Loaded Objects now: 5973.
Memory consumption went from 204.9 MB to 204.1 MB.
Total: 109.707400 ms (FindLiveObjects: 31.988900 ms CreateObjectMapping: 2.026400 ms MarkObjects: 73.119800 ms  DeleteObjects: 2.569600 ms)

AssetImportParameters requested are different than current active one (requested -> active):
  custom:container-demuxer-ogg: 62fdf1f143b41e24485cea50d1cbac27 -> 
  custom:video-codec-MediaFoundation-h265: 746d11721c4dcdbdad8f713fa42b33f4 -> 
  custom:video-decoder-ogg-theora: a1e56fd34408186e4bbccfd4996cb3dc -> 
  custom:framework-win-MediaFoundation: 216162199b28c13a410421893ffa2e32 -> 
  custom:CustomObjectIndexerAttribute: a3ef5dd2817f97addfee359851a9dba5 -> 
  custom:container-demuxer-webm: 4f35f7cbe854078d1ac9338744f61a02 -> 
  custom:container-muxer-webm: aa71ff27fc2769a1b78a27578f13a17b -> 
  custom:video-decoder-webm-vp8: 9c59270c3fd7afecdb556c50c9e8de78 -> 
  custom:SearchIndexIgnoredProperties: e643bd26f0fe6173181afceb89e7c659 -> 
  custom:AudioImporter_EditorPlatform: d09bf68614088b80899f8185d706f6e7 -> 
  custom:video-encoder-webm-vp8: eb34c28f22e8b96e1ab97ce403110664 -> 
  custom:audio-decoder-ogg-vorbis: bf7c407c2cedff20999df2af8eb42d56 -> 
  custom:audio-encoder-webm-vorbis: bf7c407c2cedff20999df2af8eb42d56 -> 
========================================================================
Received Import Request.
  Time since last request: 1379934.919503 seconds.
  path: Assets/SyntyStudios/PolygonCity/Prefabs/Buildings/SM_Bld_Apartment_Stairs_01.prefab
  artifactKey: Guid(afe0ad4fc8b424945846ae10043c796b) Importer(815301076,1909f56bfc062723c751e8b465ee728b)
Start importing Assets/SyntyStudios/PolygonCity/Prefabs/Buildings/SM_Bld_Apartment_Stairs_01.prefab using Guid(afe0ad4fc8b424945846ae10043c796b) Importer(815301076,1909f56bfc062723c751e8b465ee728b)  -> (artifact id: '58bf93f0f86c8614d1598229bc4a13f3') in 2.228375 seconds
Number of updated asset objects reloaded before import = 0
Number of asset objects unloaded after import = 14
========================================================================
Received Import Request.
  Time since last request: 0.000069 seconds.
  path: Assets/SyntyStudios/PolygonCity/Prefabs/Buildings/SM_Bld_Cover_01.prefab
  artifactKey: Guid(e83fcfbcf26241c449483ad6639aed68) Importer(815301076,1909f56bfc062723c751e8b465ee728b)
Start importing Assets/SyntyStudios/PolygonCity/Prefabs/Buildings/SM_Bld_Cover_01.prefab using Guid(e83fcfbcf26241c449483ad6639aed68) Importer(815301076,1909f56bfc062723c751e8b465ee728b)  -> (artifact id: '0a39e671b546cef8a6cc9ae6dabc8661') in 1.177277 seconds
Number of updated asset objects reloaded before import = 0
Number of asset objects unloaded after import = 20
========================================================================
Received Import Request.
  Time since last request: 0.000035 seconds.
  path: Assets/SyntyStudios/PolygonCity/Prefabs/Buildings/SM_Bld_OfficeOld_Large_Roof_01.prefab
  artifactKey: Guid(454dd9d601ac90d46a2b2e1b9901ba76) Importer(815301076,1909f56bfc062723c751e8b465ee728b)
Start importing Assets/SyntyStudios/PolygonCity/Prefabs/Buildings/SM_Bld_OfficeOld_Large_Roof_01.prefab using Guid(454dd9d601ac90d46a2b2e1b9901ba76) Importer(815301076,1909f56bfc062723c751e8b465ee728b)  -> (artifact id: '83563791ed30ce2c38c626f9b93fae24') in 0.289044 seconds
Number of updated asset objects reloaded before import = 0
Number of asset objects unloaded after import = 16
========================================================================
Received Import Request.
  Time since last request: 0.000477 seconds.
  path: Assets/SyntyStudios/PolygonCity/Prefabs/Buildings/SM_Bld_FireEscape_01.prefab
  artifactKey: Guid(a0fc9668797c0ba40bfd0a39fc67f2ed) Importer(815301076,1909f56bfc062723c751e8b465ee728b)
Start importing Assets/SyntyStudios/PolygonCity/Prefabs/Buildings/SM_Bld_FireEscape_01.prefab using Guid(a0fc9668797c0ba40bfd0a39fc67f2ed) Importer(815301076,1909f56bfc062723c751e8b465ee728b)  -> (artifact id: '9db27c6e1ddeb4dfea8ca87928d68df3') in 0.144645 seconds
Number of updated asset objects reloaded before import = 0
Number of asset objects unloaded after import = 24
========================================================================
Received Import Request.
  Time since last request: 0.000062 seconds.
  path: Assets/SyntyStudios/PolygonCity/Prefabs/Buildings/SM_Bld_Apartment_Stairs_Planter_02.prefab
  artifactKey: Guid(625b05b65035a0f4bb8d99f542a308b2) Importer(815301076,1909f56bfc062723c751e8b465ee728b)
Start importing Assets/SyntyStudios/PolygonCity/Prefabs/Buildings/SM_Bld_Apartment_Stairs_Planter_02.prefab using Guid(625b05b65035a0f4bb8d99f542a308b2) Importer(815301076,1909f56bfc062723c751e8b465ee728b)  -> (artifact id: 'bd797a39fea627d4ecc016202f8cd074') in 0.085049 seconds
Number of updated asset objects reloaded before import = 0
Number of asset objects unloaded after import = 14
========================================================================
Received Import Request.
  Time since last request: 0.000048 seconds.
  path: Assets/SyntyStudios/PolygonCity/Prefabs/Buildings/SM_Bld_OfficeOld_Large_Base_01.prefab
  artifactKey: Guid(1e50d3afa90bae147b9b80844d27728c) Importer(815301076,1909f56bfc062723c751e8b465ee728b)
Start importing Assets/SyntyStudios/PolygonCity/Prefabs/Buildings/SM_Bld_OfficeOld_Large_Base_01.prefab using Guid(1e50d3afa90bae147b9b80844d27728c) Importer(815301076,1909f56bfc062723c751e8b465ee728b)  -> (artifact id: '716a433795e5fd748e6fab98b0c3826c') in 0.084031 seconds
Number of updated asset objects reloaded before import = 0
Number of asset objects unloaded after import = 16
========================================================================
Received Import Request.
  Time since last request: 0.000038 seconds.
  path: Assets/SyntyStudios/PolygonCity/Prefabs/Buildings/SM_Bld_OfficeOld_Small_01.prefab
  artifactKey: Guid(84c719d9545655049b535e2613281b11) Importer(815301076,1909f56bfc062723c751e8b465ee728b)
Start importing Assets/SyntyStudios/PolygonCity/Prefabs/Buildings/SM_Bld_OfficeOld_Small_01.prefab using Guid(84c719d9545655049b535e2613281b11) Importer(815301076,1909f56bfc062723c751e8b465ee728b)  -> (artifact id: '0cda70f2f1b382c021ee47c21b220e7c') in 0.269698 seconds
Number of updated asset objects reloaded before import = 0
Number of asset objects unloaded after import = 16
========================================================================
Received Import Request.
  Time since last request: 0.003753 seconds.
  path: Assets/SyntyStudios/PolygonCity/Prefabs/Buildings/SM_Bld_OfficeOld_Large_01.prefab
  artifactKey: Guid(82f734b8de4c88b4fbdc5232659df70f) Importer(815301076,1909f56bfc062723c751e8b465ee728b)
Start importing Assets/SyntyStudios/PolygonCity/Prefabs/Buildings/SM_Bld_OfficeOld_Large_01.prefab using Guid(82f734b8de4c88b4fbdc5232659df70f) Importer(815301076,1909f56bfc062723c751e8b465ee728b)  -> (artifact id: 'f97df8079f66327fc9bac0316deaa45f') in 0.135875 seconds
Number of updated asset objects reloaded before import = 0
Number of asset objects unloaded after import = 16
========================================================================
Received Import Request.
  Time since last request: 0.000023 seconds.
  path: Assets/SyntyStudios/PolygonCity/Prefabs/Buildings/SM_Bld_Apartment_Stairs_02.prefab
  artifactKey: Guid(f82429eae662f5d4cb83cadb3417f66d) Importer(815301076,1909f56bfc062723c751e8b465ee728b)
Start importing Assets/SyntyStudios/PolygonCity/Prefabs/Buildings/SM_Bld_Apartment_Stairs_02.prefab using Guid(f82429eae662f5d4cb83cadb3417f66d) Importer(815301076,1909f56bfc062723c751e8b465ee728b)  -> (artifact id: '9074fc9dd0a94dec1f1101b0cdf26085') in 0.154707 seconds
Number of updated asset objects reloaded before import = 0
Number of asset objects unloaded after import = 14
========================================================================
Received Import Request.
  Time since last request: 0.000090 seconds.
  path: Assets/SyntyStudios/PolygonCity/Prefabs/Buildings/SM_Bld_OfficeOctagon_Roof_01.prefab
  artifactKey: Guid(177d8df2567c2ee43897cd6b253d28d6) Importer(815301076,1909f56bfc062723c751e8b465ee728b)
Start importing Assets/SyntyStudios/PolygonCity/Prefabs/Buildings/SM_Bld_OfficeOctagon_Roof_01.prefab using Guid(177d8df2567c2ee43897cd6b253d28d6) Importer(815301076,1909f56bfc062723c751e8b465ee728b)  -> (artifact id: '8a45d2fcd13cbec2235ea4e7aabd0ed4') in 0.240328 seconds
Number of updated asset objects reloaded before import = 0
Number of asset objects unloaded after import = 14
========================================================================
Received Import Request.
  Time since last request: 0.000078 seconds.
  path: Assets/SyntyStudios/PolygonCity/Prefabs/Buildings/SM_Bld_OfficeOld_Small_02.prefab
  artifactKey: Guid(4486deaa4d569bc4bb8e381c100ed2b0) Importer(815301076,1909f56bfc062723c751e8b465ee728b)
Start importing Assets/SyntyStudios/PolygonCity/Prefabs/Buildings/SM_Bld_OfficeOld_Small_02.prefab using Guid(4486deaa4d569bc4bb8e381c100ed2b0) Importer(815301076,1909f56bfc062723c751e8b465ee728b)  -> (artifact id: '275dd0f737846f783a9e51686ff00a93') in 0.217592 seconds
Number of updated asset objects reloaded before import = 0
Number of asset objects unloaded after import = 16
========================================================================
Received Import Request.
  Time since last request: 0.000034 seconds.
  path: Assets/SyntyStudios/PolygonCity/Prefabs/Buildings/SM_Bld_OfficeOld_Large_Floor_01.prefab
  artifactKey: Guid(04c95dd28836b2745a9499d7e268e44b) Importer(815301076,1909f56bfc062723c751e8b465ee728b)
Start importing Assets/SyntyStudios/PolygonCity/Prefabs/Buildings/SM_Bld_OfficeOld_Large_Floor_01.prefab using Guid(04c95dd28836b2745a9499d7e268e44b) Importer(815301076,1909f56bfc062723c751e8b465ee728b)  -> (artifact id: 'db0a1c1c4a373cbe7ad5049d5b5f057e') in 0.110816 seconds
Number of updated asset objects reloaded before import = 0
Number of asset objects unloaded after import = 16
========================================================================
Received Import Request.
  Time since last request: 0.000365 seconds.
  path: Assets/SyntyStudios/PolygonCity/Prefabs/Buildings/SM_Bld_OfficeOctagon_Floor_01.prefab
  artifactKey: Guid(5a2b75022dd651041bbc17957152287a) Importer(815301076,1909f56bfc062723c751e8b465ee728b)
Start importing Assets/SyntyStudios/PolygonCity/Prefabs/Buildings/SM_Bld_OfficeOctagon_Floor_01.prefab using Guid(5a2b75022dd651041bbc17957152287a) Importer(815301076,1909f56bfc062723c751e8b465ee728b)  -> (artifact id: '34d789ec4b6672a5a70bcff8c4de2403') in 0.141666 seconds
Number of updated asset objects reloaded before import = 0
Number of asset objects unloaded after import = 14
========================================================================
Received Import Request.
  Time since last request: 0.000862 seconds.
  path: Assets/SyntyStudios/PolygonCity/Prefabs/Buildings/SM_Bld_OfficeOld_Large_02.prefab
  artifactKey: Guid(62cc7a41de7e4c847869440070e2f6df) Importer(815301076,1909f56bfc062723c751e8b465ee728b)
Start importing Assets/SyntyStudios/PolygonCity/Prefabs/Buildings/SM_Bld_OfficeOld_Large_02.prefab using Guid(62cc7a41de7e4c847869440070e2f6df) Importer(815301076,1909f56bfc062723c751e8b465ee728b)  -> (artifact id: '375a990b5a48651ba53fc1c664b7438a') in 0.212417 seconds
Number of updated asset objects reloaded before import = 0
Number of asset objects unloaded after import = 16
========================================================================
Received Import Request.
  Time since last request: 0.000116 seconds.
  path: Assets/SyntyStudios/PolygonCity/Prefabs/Buildings/SM_Bld_Apartment_Stairs_Planter_01.prefab
  artifactKey: Guid(2ec41ef6c18c5e64aaefa3d4e6b2d9bb) Importer(815301076,1909f56bfc062723c751e8b465ee728b)
Start importing Assets/SyntyStudios/PolygonCity/Prefabs/Buildings/SM_Bld_Apartment_Stairs_Planter_01.prefab using Guid(2ec41ef6c18c5e64aaefa3d4e6b2d9bb) Importer(815301076,1909f56bfc062723c751e8b465ee728b)  -> (artifact id: '49541ecd018dc0ad455514ea1406923e') in 0.090448 seconds
Number of updated asset objects reloaded before import = 0
Number of asset objects unloaded after import = 14
========================================================================
Received Import Request.
  Time since last request: 0.000043 seconds.
  path: Assets/SyntyStudios/PolygonCity/Prefabs/Buildings/SM_Bld_OfficeOctagon_Base_01.prefab
  artifactKey: Guid(a5aca9c9ef39b0a49835b3ee43077679) Importer(815301076,1909f56bfc062723c751e8b465ee728b)
Start importing Assets/SyntyStudios/PolygonCity/Prefabs/Buildings/SM_Bld_OfficeOctagon_Base_01.prefab using Guid(a5aca9c9ef39b0a49835b3ee43077679) Importer(815301076,1909f56bfc062723c751e8b465ee728b)  -> (artifact id: 'ceb6fe2422065da7107251a74cc2c21d') in 0.221608 seconds
Number of updated asset objects reloaded before import = 0
Number of asset objects unloaded after import = 22
========================================================================
Received Import Request.
  Time since last request: 0.000036 seconds.
  path: Assets/SyntyStudios/PolygonCity/Prefabs/Buildings/SM_Bld_FireEscape_02.prefab
  artifactKey: Guid(530c04ec7ccbeec44b8c9e6f3c681679) Importer(815301076,1909f56bfc062723c751e8b465ee728b)
Start importing Assets/SyntyStudios/PolygonCity/Prefabs/Buildings/SM_Bld_FireEscape_02.prefab using Guid(530c04ec7ccbeec44b8c9e6f3c681679) Importer(815301076,1909f56bfc062723c751e8b465ee728b)  -> (artifact id: '8c621aaf1537ebb5b5b09144695614f7') in 0.296132 seconds
Number of updated asset objects reloaded before import = 0
Number of asset objects unloaded after import = 24
========================================================================
Received Import Request.
  Time since last request: 0.000035 seconds.
  path: Assets/SyntyStudios/PolygonCity/Prefabs/Buildings/SM_Bld_Cover_02.prefab
  artifactKey: Guid(dae920b906a2e674c910a0f58756c14e) Importer(815301076,1909f56bfc062723c751e8b465ee728b)
Start importing Assets/SyntyStudios/PolygonCity/Prefabs/Buildings/SM_Bld_Cover_02.prefab using Guid(dae920b906a2e674c910a0f58756c14e) Importer(815301076,1909f56bfc062723c751e8b465ee728b)  -> (artifact id: 'c367c27d722c4b9594abb295c2823e3b') in 0.119653 seconds
Number of updated asset objects reloaded before import = 0
Number of asset objects unloaded after import = 20
========================================================================
Received Import Request.
  Time since last request: 0.000026 seconds.
  path: Assets/SyntyStudios/PolygonCity/Prefabs/Buildings/SM_Bld_OfficeOctagon_01.prefab
  artifactKey: Guid(0ee83c502303ccb449f61a2877cc57c8) Importer(815301076,1909f56bfc062723c751e8b465ee728b)
Start importing Assets/SyntyStudios/PolygonCity/Prefabs/Buildings/SM_Bld_OfficeOctagon_01.prefab using Guid(0ee83c502303ccb449f61a2877cc57c8) Importer(815301076,1909f56bfc062723c751e8b465ee728b)  -> (artifact id: 'ce87d75c98a7d457ca3bbad1cb2cb0c6') in 0.062855 seconds
Number of updated asset objects reloaded before import = 0
Number of asset objects unloaded after import = 14
========================================================================
Received Import Request.
  Time since last request: 0.000474 seconds.
  path: Assets/SyntyStudios/PolygonCity/Prefabs/Buildings/SM_Bld_FireEscape_03.prefab
  artifactKey: Guid(0e83389f2726cec4b805919daeccf2f6) Importer(815301076,1909f56bfc062723c751e8b465ee728b)
Start importing Assets/SyntyStudios/PolygonCity/Prefabs/Buildings/SM_Bld_FireEscape_03.prefab using Guid(0e83389f2726cec4b805919daeccf2f6) Importer(815301076,1909f56bfc062723c751e8b465ee728b)  -> (artifact id: 'c10d0b7145c4fc12b096c5c290fa33f6') in 0.044192 seconds
Number of updated asset objects reloaded before import = 0
Number of asset objects unloaded after import = 24
========================================================================
Received Import Request.
  Time since last request: 0.000033 seconds.
  path: Assets/SyntyStudios/PolygonCity/Prefabs/Buildings/SM_Bld_Apartment_Stairs_03.prefab
  artifactKey: Guid(e554fc2e32c92274e92a501e72f5db1f) Importer(815301076,1909f56bfc062723c751e8b465ee728b)
Start importing Assets/SyntyStudios/PolygonCity/Prefabs/Buildings/SM_Bld_Apartment_Stairs_03.prefab using Guid(e554fc2e32c92274e92a501e72f5db1f) Importer(815301076,1909f56bfc062723c751e8b465ee728b)  -> (artifact id: '2ee802733bcef050930ca72162e3ebdd') in 0.037861 seconds
Number of updated asset objects reloaded before import = 0
Number of asset objects unloaded after import = 30
========================================================================
Received Prepare
Begin MonoManager ReloadAssembly
- Loaded All Assemblies, in  1.502 seconds
Refreshing native plugins compatible for Editor in 14.85 ms, found 3 plugins.
Native extension for WindowsStandalone target not found
[Package Manager] Server::EnsureServerProcessIsRunning -- launch failed, reason: Unity was launched with the -noUpm command-line argument
[Package Manager] UpmClient::Send -- Unable to send message (not connected to UPM process).
[Package Manager] Cannot connect to Unity Package Manager local server
Mono: successfully reloaded assembly
- Finished resetting the current domain, in  5.051 seconds
Domain Reload Profiling: 6521ms
	BeginReloadAssembly (566ms)
		ExecutionOrderSort (0ms)
		DisableScriptedObjects (5ms)
		BackupInstance (0ms)
		ReleaseScriptingObjects (0ms)
		CreateAndSetChildDomain (78ms)
	RebuildCommonClasses (74ms)
	RebuildNativeTypeToScriptingClass (21ms)
	initialDomainReloadingComplete (63ms)
	LoadAllAssembliesAndSetupDomain (745ms)
		LoadAssemblies (987ms)
		RebuildTransferFunctionScriptingTraits (0ms)
		AnalyzeDomain (145ms)
			TypeCache.Refresh (22ms)
				TypeCache.ScanAssembly (1ms)
			ScanForSourceGeneratedMonoScriptInfo (93ms)
			ResolveRequiredComponents (28ms)
	FinalizeReload (5052ms)
		ReleaseScriptCaches (0ms)
		RebuildScriptCaches (0ms)
		SetupLoadedEditorAssemblies (1092ms)
			LogAssemblyErrors (0ms)
			InitializePlatformSupportModulesInManaged (16ms)
			SetLoadedEditorAssemblies (11ms)
			RefreshPlugins (0ms)
			BeforeProcessingInitializeOnLoad (169ms)
			ProcessInitializeOnLoadAttributes (799ms)
			ProcessInitializeOnLoadMethodAttributes (77ms)
			AfterProcessingInitializeOnLoad (20ms)
			EditorAssembliesLoaded (1ms)
		ExecutionOrderSort2 (0ms)
		AwakeInstancesAfterBackupRestoration (13ms)
Refreshing native plugins compatible for Editor in 23.73 ms, found 3 plugins.
Preloading 0 native plugins for Editor in 0.00 ms.
Unloading 5437 Unused Serialized files (Serialized files now loaded: 0)
Unloading 46 unused Assets / (0.8 MB). Loaded Objects now: 6006.
Memory consumption went from 188.2 MB to 187.4 MB.
Total: 9.155800 ms (FindLiveObjects: 0.484600 ms CreateObjectMapping: 0.616200 ms MarkObjects: 7.584500 ms  DeleteObjects: 0.469000 ms)

Prepare: number of updated asset objects reloaded= 0
AssetImportParameters requested are different than current active one (requested -> active):
  custom:container-demuxer-ogg: 62fdf1f143b41e24485cea50d1cbac27 -> 
  custom:video-codec-MediaFoundation-h265: 746d11721c4dcdbdad8f713fa42b33f4 -> 
  custom:video-decoder-ogg-theora: a1e56fd34408186e4bbccfd4996cb3dc -> 
  custom:framework-win-MediaFoundation: 216162199b28c13a410421893ffa2e32 -> 
  custom:CustomObjectIndexerAttribute: a3ef5dd2817f97addfee359851a9dba5 -> 
  custom:container-demuxer-webm: 4f35f7cbe854078d1ac9338744f61a02 -> 
  custom:container-muxer-webm: aa71ff27fc2769a1b78a27578f13a17b -> 
  custom:video-decoder-webm-vp8: 9c59270c3fd7afecdb556c50c9e8de78 -> 
  custom:SearchIndexIgnoredProperties: e643bd26f0fe6173181afceb89e7c659 -> 
  custom:AudioImporter_EditorPlatform: d09bf68614088b80899f8185d706f6e7 -> 
  custom:video-encoder-webm-vp8: eb34c28f22e8b96e1ab97ce403110664 -> 
  custom:audio-decoder-ogg-vorbis: bf7c407c2cedff20999df2af8eb42d56 -> 
  custom:audio-encoder-webm-vorbis: bf7c407c2cedff20999df2af8eb42d56 -> 
========================================================================
Received Import Request.
  Time since last request: 119.168920 seconds.
  path: Assets/StarterAssets/ThirdPersonController/Prefabs
  artifactKey: Guid(84b4ab346fc32d445b7207cb1884cf42) Importer(815301076,1909f56bfc062723c751e8b465ee728b)
Start importing Assets/StarterAssets/ThirdPersonController/Prefabs using Guid(84b4ab346fc32d445b7207cb1884cf42) Importer(815301076,1909f56bfc062723c751e8b465ee728b)  -> (artifact id: 'd936953fb775941041987857253dc8a7') in 0.007162 seconds
Number of updated asset objects reloaded before import = 0
Number of asset objects unloaded after import = 0
========================================================================
Received Import Request.
  Time since last request: 0.043133 seconds.
  path: Assets/StarterAssets/ThirdPersonController/Prefabs/MainCamera.prefab
  artifactKey: Guid(f6d148d888ffbf54b9afe9936dfaec1f) Importer(815301076,1909f56bfc062723c751e8b465ee728b)
Start importing Assets/StarterAssets/ThirdPersonController/Prefabs/MainCamera.prefab using Guid(f6d148d888ffbf54b9afe9936dfaec1f) Importer(815301076,1909f56bfc062723c751e8b465ee728b)  -> (artifact id: '829f87bfa476801231515aa3ba9b2cd6') in 0.072514 seconds
Number of updated asset objects reloaded before import = 0
Number of asset objects unloaded after import = 7
========================================================================
Received Import Request.
  Time since last request: 0.000025 seconds.
  path: Assets/StarterAssets/ThirdPersonController/Prefabs/PlayerArmature.prefab
  artifactKey: Guid(64dce48905ffd9b4293e595fa6941544) Importer(815301076,1909f56bfc062723c751e8b465ee728b)
Start importing Assets/StarterAssets/ThirdPersonController/Prefabs/PlayerArmature.prefab using Guid(64dce48905ffd9b4293e595fa6941544) Importer(815301076,1909f56bfc062723c751e8b465ee728b)  -> (artifact id: 'aad3df3e87551b2c0b4ebdcc3643b236') in 0.357883 seconds
Number of updated asset objects reloaded before import = 0
Number of asset objects unloaded after import = 203
========================================================================
Received Import Request.
  Time since last request: 0.000039 seconds.
  path: Assets/StarterAssets/ThirdPersonController/Prefabs/NestedParentCapsule_Unpack.prefab
  artifactKey: Guid(212907312655a4443a025a304442c17c) Importer(815301076,1909f56bfc062723c751e8b465ee728b)
Start importing Assets/StarterAssets/ThirdPersonController/Prefabs/NestedParentCapsule_Unpack.prefab using Guid(212907312655a4443a025a304442c17c) Importer(815301076,1909f56bfc062723c751e8b465ee728b)  -> (artifact id: '6d89de5b66958a2b636ad83cf7b54a56') in 0.304041 seconds
Number of updated asset objects reloaded before import = 0
Number of asset objects unloaded after import = 240
========================================================================
Received Import Request.
  Time since last request: 0.000035 seconds.
  path: Assets/StarterAssets/ThirdPersonController/Prefabs/NestedParentArmature_Unpack.prefab
  artifactKey: Guid(c708a3b79cd542b42bbfedb17e213bc1) Importer(815301076,1909f56bfc062723c751e8b465ee728b)
Start importing Assets/StarterAssets/ThirdPersonController/Prefabs/NestedParentArmature_Unpack.prefab using Guid(c708a3b79cd542b42bbfedb17e213bc1) Importer(815301076,1909f56bfc062723c751e8b465ee728b)  -> (artifact id: '43d79ce2508946521a82a992b290ed09') in 0.392725 seconds
Number of updated asset objects reloaded before import = 0
Number of asset objects unloaded after import = 563
========================================================================
Received Import Request.
  Time since last request: 0.000046 seconds.
  path: Assets/StarterAssets/ThirdPersonController/Prefabs/PlayerFollowCamera.prefab
  artifactKey: Guid(a1a802ecaf6775746bb2a929fb554ad8) Importer(815301076,1909f56bfc062723c751e8b465ee728b)
Start importing Assets/StarterAssets/ThirdPersonController/Prefabs/PlayerFollowCamera.prefab using Guid(a1a802ecaf6775746bb2a929fb554ad8) Importer(815301076,1909f56bfc062723c751e8b465ee728b)  -> (artifact id: 'e4ae98283a5d7f5a71a5f42f576bf9ea') in 0.010860 seconds
Number of updated asset objects reloaded before import = 0
Number of asset objects unloaded after import = 11
========================================================================
Received Import Request.
  Time since last request: 0.000079 seconds.
  path: Assets/StarterAssets/ThirdPersonController/Prefabs/PlayerCapsule.prefab
  artifactKey: Guid(2553cec8fdb3eb643bbe9f2ec880c472) Importer(815301076,1909f56bfc062723c751e8b465ee728b)
Start importing Assets/StarterAssets/ThirdPersonController/Prefabs/PlayerCapsule.prefab using Guid(2553cec8fdb3eb643bbe9f2ec880c472) Importer(815301076,1909f56bfc062723c751e8b465ee728b)  -> (artifact id: '52f3b85b68abb0de96a9c5d7de5c19ef') in 0.034810 seconds
Number of updated asset objects reloaded before import = 0
Number of asset objects unloaded after import = 19
========================================================================
Received Import Request.
  Time since last request: 276.915221 seconds.
  path: Assets/SyntyStudios/PolygonCity/Prefabs/Characters/Character_BusinessMan_Shirt_01.prefab
  artifactKey: Guid(5e488cfd825ce044395037d93a9d8eb6) Importer(815301076,1909f56bfc062723c751e8b465ee728b)
Start importing Assets/SyntyStudios/PolygonCity/Prefabs/Characters/Character_BusinessMan_Shirt_01.prefab using Guid(5e488cfd825ce044395037d93a9d8eb6) Importer(815301076,1909f56bfc062723c751e8b465ee728b)  -> (artifact id: '6bd23b311988bd116b94a4189d97e24f') in 0.140837 seconds
Number of updated asset objects reloaded before import = 0
Number of asset objects unloaded after import = 145
========================================================================
Received Import Request.
  Time since last request: 0.000051 seconds.
  path: Assets/SyntyStudios/PolygonCity/Prefabs/Characters/Character_Male_Police_01.prefab
  artifactKey: Guid(498a13929c1393e44be1126bcadc448b) Importer(815301076,1909f56bfc062723c751e8b465ee728b)
Start importing Assets/SyntyStudios/PolygonCity/Prefabs/Characters/Character_Male_Police_01.prefab using Guid(498a13929c1393e44be1126bcadc448b) Importer(815301076,1909f56bfc062723c751e8b465ee728b)  -> (artifact id: 'dec4cd3072d3e6c5f172493d9bb6dfc2') in 0.158745 seconds
Number of updated asset objects reloaded before import = 0
Number of asset objects unloaded after import = 145
========================================================================
Received Import Request.
  Time since last request: 0.000063 seconds.
  path: Assets/SyntyStudios/PolygonCity/Prefabs/Characters/Character_Female_Coat_01.prefab
  artifactKey: Guid(236e70cfb8ad0fc448c79a2155a5d3c2) Importer(815301076,1909f56bfc062723c751e8b465ee728b)
Start importing Assets/SyntyStudios/PolygonCity/Prefabs/Characters/Character_Female_Coat_01.prefab using Guid(236e70cfb8ad0fc448c79a2155a5d3c2) Importer(815301076,1909f56bfc062723c751e8b465ee728b)  -> (artifact id: '19fef8322e7a62744b10e243fa935e21') in 0.143968 seconds
Number of updated asset objects reloaded before import = 0
Number of asset objects unloaded after import = 145
========================================================================
Received Import Request.
  Time since last request: 0.000020 seconds.
  path: Assets/SyntyStudios/PolygonCity/Prefabs/Characters/Character_Female_Police_01.prefab
  artifactKey: Guid(adad89669382b0743a2c2f162c9601b0) Importer(815301076,1909f56bfc062723c751e8b465ee728b)
Start importing Assets/SyntyStudios/PolygonCity/Prefabs/Characters/Character_Female_Police_01.prefab using Guid(adad89669382b0743a2c2f162c9601b0) Importer(815301076,1909f56bfc062723c751e8b465ee728b)  -> (artifact id: 'fa035cc7633dec6a9be02c206b9d07b0') in 0.143411 seconds
Number of updated asset objects reloaded before import = 0
Number of asset objects unloaded after import = 145
========================================================================
Received Import Request.
  Time since last request: 0.000035 seconds.
  path: Assets/SyntyStudios/PolygonCity/Prefabs/Characters/Character_Male_Hoodie_01.prefab
  artifactKey: Guid(48b470c6a762f60438c631f219257520) Importer(815301076,1909f56bfc062723c751e8b465ee728b)
Start importing Assets/SyntyStudios/PolygonCity/Prefabs/Characters/Character_Male_Hoodie_01.prefab using Guid(48b470c6a762f60438c631f219257520) Importer(815301076,1909f56bfc062723c751e8b465ee728b)  -> (artifact id: 'fb9c4e38af9c416877f8cd5d927751e3') in 0.116778 seconds
Number of updated asset objects reloaded before import = 0
Number of asset objects unloaded after import = 145
========================================================================
Received Import Request.
  Time since last request: 0.000046 seconds.
  path: Assets/SyntyStudios/PolygonCity/Prefabs/Characters/Character_Male_Jacket_01.prefab
  artifactKey: Guid(5f6cbb0f4dd572e47ab1ee6c2a3a36d1) Importer(815301076,1909f56bfc062723c751e8b465ee728b)
Start importing Assets/SyntyStudios/PolygonCity/Prefabs/Characters/Character_Male_Jacket_01.prefab using Guid(5f6cbb0f4dd572e47ab1ee6c2a3a36d1) Importer(815301076,1909f56bfc062723c751e8b465ee728b)  -> (artifact id: '5a1439931a8f4c6150815fb0b4e782c2') in 0.141218 seconds
Number of updated asset objects reloaded before import = 0
Number of asset objects unloaded after import = 145
========================================================================
Received Import Request.
  Time since last request: 0.000039 seconds.
  path: Assets/SyntyStudios/PolygonCity/Prefabs/Characters/Character_Female_Jacket_01.prefab
  artifactKey: Guid(841e8e4f1a54c754396b7559d1cc6fad) Importer(815301076,1909f56bfc062723c751e8b465ee728b)
Start importing Assets/SyntyStudios/PolygonCity/Prefabs/Characters/Character_Female_Jacket_01.prefab using Guid(841e8e4f1a54c754396b7559d1cc6fad) Importer(815301076,1909f56bfc062723c751e8b465ee728b)  -> (artifact id: 'ca56163b75b039847576af6a7171f86e') in 0.082389 seconds
Number of updated asset objects reloaded before import = 0
Number of asset objects unloaded after import = 145
========================================================================
Received Import Request.
  Time since last request: 0.000057 seconds.
  path: Assets/SyntyStudios/PolygonCity/Prefabs/Characters/Character_BusinessWoman_01.prefab
  artifactKey: Guid(6412c6bdd410913469520a05a1632885) Importer(815301076,1909f56bfc062723c751e8b465ee728b)
Start importing Assets/SyntyStudios/PolygonCity/Prefabs/Characters/Character_BusinessWoman_01.prefab using Guid(6412c6bdd410913469520a05a1632885) Importer(815301076,1909f56bfc062723c751e8b465ee728b)  -> (artifact id: '319a620a68290589ed19c7acf7b83e64') in 0.142340 seconds
Number of updated asset objects reloaded before import = 0
Number of asset objects unloaded after import = 145
========================================================================
Received Import Request.
  Time since last request: 0.000736 seconds.
  path: Assets/SyntyStudios/PolygonCity/Prefabs/Characters/Character_BusinessMan_Suit_01.prefab
  artifactKey: Guid(471247d5cf89b2c46bcde0f08524197e) Importer(815301076,1909f56bfc062723c751e8b465ee728b)
Start importing Assets/SyntyStudios/PolygonCity/Prefabs/Characters/Character_BusinessMan_Suit_01.prefab using Guid(471247d5cf89b2c46bcde0f08524197e) Importer(815301076,1909f56bfc062723c751e8b465ee728b)  -> (artifact id: '64ce7f76d82b941d5cca7538191a3b91') in 0.098616 seconds
Number of updated asset objects reloaded before import = 0
Number of asset objects unloaded after import = 145
========================================================================
Received Import Request.
  Time since last request: 115.190857 seconds.
  path: Assets/StarterAssets/ThirdPersonController/Character/Models/Armature.fbx
  artifactKey: Guid(36078ab0369161e49a29d349ae3e0739) Importer(815301076,1909f56bfc062723c751e8b465ee728b)
Start importing Assets/StarterAssets/ThirdPersonController/Character/Models/Armature.fbx using Guid(36078ab0369161e49a29d349ae3e0739) Importer(815301076,1909f56bfc062723c751e8b465ee728b)  -> (artifact id: '1c5aa2698a9e5632695b040c8f643778') in 0.136860 seconds
Number of updated asset objects reloaded before import = 0
Number of asset objects unloaded after import = 150
========================================================================
Received Import Request.
  Time since last request: 0.000085 seconds.
  path: Assets/SyntyStudios/PolygonStarter/PolygonPrototype/Models/FOV.fbx
  artifactKey: Guid(6c71607f5442ec140a9649456733c939) Importer(815301076,1909f56bfc062723c751e8b465ee728b)
Start importing Assets/SyntyStudios/PolygonStarter/PolygonPrototype/Models/FOV.fbx using Guid(6c71607f5442ec140a9649456733c939) Importer(815301076,1909f56bfc062723c751e8b465ee728b)  -> (artifact id: '4c32f7cef030c74829528cb261d1a87b') in 0.048907 seconds
Number of updated asset objects reloaded before import = 0
Number of asset objects unloaded after import = 14
========================================================================
Received Import Request.
  Time since last request: 0.000027 seconds.
  path: Assets/SyntyStudios/PolygonKnights/Models/SM_Prop_Rowboat_01_Snow.fbx
  artifactKey: Guid(050205a685432164894276fe02fbcedb) Importer(815301076,1909f56bfc062723c751e8b465ee728b)
Start importing Assets/SyntyStudios/PolygonKnights/Models/SM_Prop_Rowboat_01_Snow.fbx using Guid(050205a685432164894276fe02fbcedb) Importer(815301076,1909f56bfc062723c751e8b465ee728b)  -> (artifact id: '13b8c30a0b682df5a0fc0665b9e14696') in 0.140646 seconds
Number of updated asset objects reloaded before import = 0
Number of asset objects unloaded after import = 10
========================================================================
Received Import Request.
  Time since last request: 0.000053 seconds.
  path: Assets/SyntyStudios/PolygonSamples/PolygonSciFiCity/Models/Character_Augmented_Male_01.fbx
  artifactKey: Guid(7c7feee260018884e9aee7424fa8e2e3) Importer(815301076,1909f56bfc062723c751e8b465ee728b)
Start importing Assets/SyntyStudios/PolygonSamples/PolygonSciFiCity/Models/Character_Augmented_Male_01.fbx using Guid(7c7feee260018884e9aee7424fa8e2e3) Importer(815301076,1909f56bfc062723c751e8b465ee728b)  -> (artifact id: '8cfa33edaea2436e2acb6ba3573fadc4') in 0.301142 seconds
Number of updated asset objects reloaded before import = 0
Number of asset objects unloaded after import = 109
========================================================================
Received Import Request.
  Time since last request: 0.000145 seconds.
  path: Assets/SyntyStudios/PolygonAdventure/Models/Characters/Characters.fbx
  artifactKey: Guid(fd7d68a65822e4a44a9ef78850e64cfc) Importer(815301076,1909f56bfc062723c751e8b465ee728b)
Start importing Assets/SyntyStudios/PolygonAdventure/Models/Characters/Characters.fbx using Guid(fd7d68a65822e4a44a9ef78850e64cfc) Importer(815301076,1909f56bfc062723c751e8b465ee728b)  -> (artifact id: '2f7cd22d5f064cd97a40eacc052333d8') in 0.462813 seconds
Number of updated asset objects reloaded before import = 0
Number of asset objects unloaded after import = 174
========================================================================
Received Import Request.
  Time since last request: 0.000157 seconds.
  path: Assets/SyntyStudios/PolygonStarter/PolygonPrototype/Models/Character_FPSHands_02.fbx
  artifactKey: Guid(dacb33b4a6c2e3e4486be79c593a23e4) Importer(815301076,1909f56bfc062723c751e8b465ee728b)
Start importing Assets/SyntyStudios/PolygonStarter/PolygonPrototype/Models/Character_FPSHands_02.fbx using Guid(dacb33b4a6c2e3e4486be79c593a23e4) Importer(815301076,1909f56bfc062723c751e8b465ee728b)  -> (artifact id: '7b28b0674690aa69f5e28b954611a8e9') in 0.348543 seconds
Number of updated asset objects reloaded before import = 0
Number of asset objects unloaded after import = 155
========================================================================
Received Import Request.
  Time since last request: 0.000022 seconds.
  path: Assets/SyntyStudios/PolygonKnights/Models/SM_Env_Cloud_06.fbx
  artifactKey: Guid(fa2c755c16cfc7847b3ce27b909c6d3f) Importer(815301076,1909f56bfc062723c751e8b465ee728b)
Start importing Assets/SyntyStudios/PolygonKnights/Models/SM_Env_Cloud_06.fbx using Guid(fa2c755c16cfc7847b3ce27b909c6d3f) Importer(815301076,1909f56bfc062723c751e8b465ee728b)  -> (artifact id: 'ef4db416c6c139a1c9a9749454743165') in 0.348125 seconds
Number of updated asset objects reloaded before import = 0
Number of asset objects unloaded after import = 9
========================================================================
Received Import Request.
  Time since last request: 0.000202 seconds.
  path: Assets/SyntyStudios/PolygonKnights/Models/SM_Prop_Lampost_01_Snow.fbx
  artifactKey: Guid(349474d14ab13d648ac9a7bce04dda44) Importer(815301076,1909f56bfc062723c751e8b465ee728b)
Start importing Assets/SyntyStudios/PolygonKnights/Models/SM_Prop_Lampost_01_Snow.fbx using Guid(349474d14ab13d648ac9a7bce04dda44) Importer(815301076,1909f56bfc062723c751e8b465ee728b)  -> (artifact id: '1a787a18caee1197071bcb6cbce65e09') in 0.134400 seconds
Number of updated asset objects reloaded before import = 0
Number of asset objects unloaded after import = 10
========================================================================
Received Import Request.
  Time since last request: 0.000221 seconds.
  path: Assets/SyntyStudios/PolygonKnights/Models/SM_Prop_Brazier_01_Snow.fbx
  artifactKey: Guid(dbb93cf88039d564998d84ff51ce06d1) Importer(815301076,1909f56bfc062723c751e8b465ee728b)
Start importing Assets/SyntyStudios/PolygonKnights/Models/SM_Prop_Brazier_01_Snow.fbx using Guid(dbb93cf88039d564998d84ff51ce06d1) Importer(815301076,1909f56bfc062723c751e8b465ee728b)  -> (artifact id: '3f6330cdce2ddecd1c2b945468b6fdbc') in 0.255352 seconds
Number of updated asset objects reloaded before import = 0
Number of asset objects unloaded after import = 10
========================================================================
Received Import Request.
  Time since last request: 0.000145 seconds.
  path: Assets/SyntyStudios/PolygonKnights/Models/Characters/Characters_POLYGON_Knights.fbx
  artifactKey: Guid(d288a0e4a2d923b46898986e979da643) Importer(815301076,1909f56bfc062723c751e8b465ee728b)
Start importing Assets/SyntyStudios/PolygonKnights/Models/Characters/Characters_POLYGON_Knights.fbx using Guid(d288a0e4a2d923b46898986e979da643) Importer(815301076,1909f56bfc062723c751e8b465ee728b)  -> (artifact id: '46e1f899f269458a8448e81e4f190615') in 0.410994 seconds
Number of updated asset objects reloaded before import = 0
Number of asset objects unloaded after import = 174
========================================================================
Received Import Request.
  Time since last request: 0.000278 seconds.
  path: Assets/SyntyStudios/PolygonKnights/Models/Characters/FixedScaleCharacters/Characters_POLYGON_Knights.fbx
  artifactKey: Guid(32562d1256a1b3b4ca9be3d6ce7adf64) Importer(815301076,1909f56bfc062723c751e8b465ee728b)
Start importing Assets/SyntyStudios/PolygonKnights/Models/Characters/FixedScaleCharacters/Characters_POLYGON_Knights.fbx using Guid(32562d1256a1b3b4ca9be3d6ce7adf64) Importer(815301076,1909f56bfc062723c751e8b465ee728b)  -> (artifact id: '21762d37342fe8b31bd35d3574a4dbdd') in 0.327047 seconds
Number of updated asset objects reloaded before import = 0
Number of asset objects unloaded after import = 174
========================================================================
Received Import Request.
  Time since last request: 0.000036 seconds.
  path: Assets/SyntyStudios/PolygonCity/Models/Characters.fbx
  artifactKey: Guid(897b34267f422c1499700402763d096e) Importer(815301076,1909f56bfc062723c751e8b465ee728b)
Start importing Assets/SyntyStudios/PolygonCity/Models/Characters.fbx using Guid(897b34267f422c1499700402763d096e) Importer(815301076,1909f56bfc062723c751e8b465ee728b)  -> (artifact id: '8c32467b3514a503a3149ebd562493ce') in 0.321668 seconds
Number of updated asset objects reloaded before import = 0
Number of asset objects unloaded after import = 142
========================================================================
Received Import Request.
  Time since last request: 0.000032 seconds.
  path: Assets/SyntyStudios/PolygonCity/Models/FixedScaleCharacters/Characters.fbx
  artifactKey: Guid(91028badc63f59f43a9c5bda64fbd608) Importer(815301076,1909f56bfc062723c751e8b465ee728b)
Start importing Assets/SyntyStudios/PolygonCity/Models/FixedScaleCharacters/Characters.fbx using Guid(91028badc63f59f43a9c5bda64fbd608) Importer(815301076,1909f56bfc062723c751e8b465ee728b)  -> (artifact id: 'd10b4f4b30799b5fbf4c9930b47e8bb5') in 0.465701 seconds
Number of updated asset objects reloaded before import = 0
Number of asset objects unloaded after import = 140
========================================================================
Received Import Request.
  Time since last request: 0.000020 seconds.
  path: Assets/SyntyStudios/PolygonStarter/PolygonPrototype/Models/Characters.fbx
  artifactKey: Guid(b5f71c859f9f9bf41badda8a4650082c) Importer(815301076,1909f56bfc062723c751e8b465ee728b)
Start importing Assets/SyntyStudios/PolygonStarter/PolygonPrototype/Models/Characters.fbx using Guid(b5f71c859f9f9bf41badda8a4650082c) Importer(815301076,1909f56bfc062723c751e8b465ee728b)  -> (artifact id: '188568f67ebdac23284aa8e43592ea6f') in 0.108252 seconds
Number of updated asset objects reloaded before import = 0
Number of asset objects unloaded after import = 128
========================================================================
Received Import Request.
  Time since last request: 0.000075 seconds.
  path: Assets/SyntyStudios/PolygonStarter/Models/Characters.fbx
  artifactKey: Guid(2dc7b382d25903545b405802eb2198ab) Importer(815301076,1909f56bfc062723c751e8b465ee728b)
Start importing Assets/SyntyStudios/PolygonStarter/Models/Characters.fbx using Guid(2dc7b382d25903545b405802eb2198ab) Importer(815301076,1909f56bfc062723c751e8b465ee728b)  -> (artifact id: '59450b41d8e0ffa31a0ba47e127d8607') in 0.500980 seconds
Number of updated asset objects reloaded before import = 0
Number of asset objects unloaded after import = 123
========================================================================
Received Import Request.
  Time since last request: 0.000021 seconds.
  path: Assets/SyntyStudios/PolygonStarter/PolygonPrototype/Models/Character_FPSHands_01.fbx
  artifactKey: Guid(3c34d2567f522774bb262a3cfdbc15ae) Importer(815301076,1909f56bfc062723c751e8b465ee728b)
Start importing Assets/SyntyStudios/PolygonStarter/PolygonPrototype/Models/Character_FPSHands_01.fbx using Guid(3c34d2567f522774bb262a3cfdbc15ae) Importer(815301076,1909f56bfc062723c751e8b465ee728b)  -> (artifact id: 'a8b0e990d7178fc46ca16d5bad5f05db') in 0.217860 seconds
Number of updated asset objects reloaded before import = 0
Number of asset objects unloaded after import = 123
========================================================================
Received Import Request.
  Time since last request: 5.035091 seconds.
  path: Assets/SyntyStudios/PolygonCity/Models/Collisions/SM_Bld_Apartment_01_Convex.asset
  artifactKey: Guid(17c2eb511030fdf4eaee13940fbf76a7) Importer(815301076,1909f56bfc062723c751e8b465ee728b)
Start importing Assets/SyntyStudios/PolygonCity/Models/Collisions/SM_Bld_Apartment_01_Convex.asset using Guid(17c2eb511030fdf4eaee13940fbf76a7) Importer(815301076,1909f56bfc062723c751e8b465ee728b)  -> (artifact id: '22c0856efc006c461f6a35d87af86c23') in 0.016278 seconds
Number of updated asset objects reloaded before import = 0
Number of asset objects unloaded after import = 3
========================================================================
Received Import Request.
  Time since last request: 0.000025 seconds.
  path: Assets/SyntyStudios/PolygonCity/Models/Collisions/SM_Bld_Apartment_01_Convex 2.asset
  artifactKey: Guid(7909122c71f894e4798017d6b7deeaa7) Importer(815301076,1909f56bfc062723c751e8b465ee728b)
Start importing Assets/SyntyStudios/PolygonCity/Models/Collisions/SM_Bld_Apartment_01_Convex 2.asset using Guid(7909122c71f894e4798017d6b7deeaa7) Importer(815301076,1909f56bfc062723c751e8b465ee728b)  -> (artifact id: '97a5a6efcbf57cbc5816271cabde1b20') in 0.125433 seconds
Number of updated asset objects reloaded before import = 0
Number of asset objects unloaded after import = 3
========================================================================
Received Import Request.
  Time since last request: 0.000094 seconds.
  path: Assets/SyntyStudios/PolygonCity/Models/Collisions/SM_Bld_Apartment_Corner_01_Convex 2.asset
  artifactKey: Guid(5d932c27263caa04d97c8fc9e7da1a78) Importer(815301076,1909f56bfc062723c751e8b465ee728b)
Start importing Assets/SyntyStudios/PolygonCity/Models/Collisions/SM_Bld_Apartment_Corner_01_Convex 2.asset using Guid(5d932c27263caa04d97c8fc9e7da1a78) Importer(815301076,1909f56bfc062723c751e8b465ee728b)  -> (artifact id: '8ab811aa3b1d704a5b063b745ea8263b') in 0.097265 seconds
Number of updated asset objects reloaded before import = 0
Number of asset objects unloaded after import = 3
========================================================================
Received Import Request.
  Time since last request: 0.000051 seconds.
  path: Assets/SyntyStudios/PolygonCity/Models/Collisions/SM_Bld_Apartment_02_Convex 1.asset
  artifactKey: Guid(7ea8b95b5782d4d45bdf817a439a9d5a) Importer(815301076,1909f56bfc062723c751e8b465ee728b)
Start importing Assets/SyntyStudios/PolygonCity/Models/Collisions/SM_Bld_Apartment_02_Convex 1.asset using Guid(7ea8b95b5782d4d45bdf817a439a9d5a) Importer(815301076,1909f56bfc062723c751e8b465ee728b)  -> (artifact id: '32f01b0fdeadeb934da3e92e084e0588') in 0.042309 seconds
Number of updated asset objects reloaded before import = 0
Number of asset objects unloaded after import = 3
========================================================================
Received Import Request.
  Time since last request: 0.000406 seconds.
  path: Assets/SyntyStudios/PolygonCity/Models/Collisions/SM_Bld_Apartment_Corner_01_Convex.asset
  artifactKey: Guid(065b4896ee7d7864381bc89f1209266f) Importer(815301076,1909f56bfc062723c751e8b465ee728b)
Start importing Assets/SyntyStudios/PolygonCity/Models/Collisions/SM_Bld_Apartment_Corner_01_Convex.asset using Guid(065b4896ee7d7864381bc89f1209266f) Importer(815301076,1909f56bfc062723c751e8b465ee728b)  -> (artifact id: '80bb825c067ca0a449ccb31639d4e556') in 0.081681 seconds
Number of updated asset objects reloaded before import = 0
Number of asset objects unloaded after import = 3
========================================================================
Received Import Request.
  Time since last request: 0.000020 seconds.
  path: Assets/SyntyStudios/PolygonCity/Models/Collisions/SM_Bld_Apartment_Corner_01_Convex 1.asset
  artifactKey: Guid(3ae13dbba9d922745a0c303c1287bb1a) Importer(815301076,1909f56bfc062723c751e8b465ee728b)
Start importing Assets/SyntyStudios/PolygonCity/Models/Collisions/SM_Bld_Apartment_Corner_01_Convex 1.asset using Guid(3ae13dbba9d922745a0c303c1287bb1a) Importer(815301076,1909f56bfc062723c751e8b465ee728b)  -> (artifact id: 'd77e9b5274df24d0b1ee8198a4ad89f9') in 0.059590 seconds
Number of updated asset objects reloaded before import = 0
Number of asset objects unloaded after import = 3
========================================================================
Received Import Request.
  Time since last request: 0.000034 seconds.
  path: Assets/SyntyStudios/PolygonCity/Models/Collisions/SM_Bld_Apartment_Corner_03_Convex 2.asset
  artifactKey: Guid(cf707266b7730b24e95d89c3a681b7eb) Importer(815301076,1909f56bfc062723c751e8b465ee728b)
Start importing Assets/SyntyStudios/PolygonCity/Models/Collisions/SM_Bld_Apartment_Corner_03_Convex 2.asset using Guid(cf707266b7730b24e95d89c3a681b7eb) Importer(815301076,1909f56bfc062723c751e8b465ee728b)  -> (artifact id: 'e185134bc176a5fe4cc97805a8e7d8ac') in 0.101616 seconds
Number of updated asset objects reloaded before import = 0
Number of asset objects unloaded after import = 4
========================================================================
Received Import Request.
  Time since last request: 0.000095 seconds.
  path: Assets/SyntyStudios/PolygonCity/Models/Collisions/SM_Bld_Apartment_Corner_02_Convex 2.asset
  artifactKey: Guid(37045fac998129c4d9bc99b9a4b8525d) Importer(815301076,1909f56bfc062723c751e8b465ee728b)
Start importing Assets/SyntyStudios/PolygonCity/Models/Collisions/SM_Bld_Apartment_Corner_02_Convex 2.asset using Guid(37045fac998129c4d9bc99b9a4b8525d) Importer(815301076,1909f56bfc062723c751e8b465ee728b)  -> (artifact id: '14480172b93740ba9ca6da68f5905aad') in 0.056127 seconds
Number of updated asset objects reloaded before import = 0
Number of asset objects unloaded after import = 3
========================================================================
Received Import Request.
  Time since last request: 0.000030 seconds.
  path: Assets/SyntyStudios/PolygonCity/Models/Collisions/SM_Bld_Apartment_Corner_02_Convex 1.asset
  artifactKey: Guid(82d1c79db53ea674897500c167cc6e6c) Importer(815301076,1909f56bfc062723c751e8b465ee728b)
Start importing Assets/SyntyStudios/PolygonCity/Models/Collisions/SM_Bld_Apartment_Corner_02_Convex 1.asset using Guid(82d1c79db53ea674897500c167cc6e6c) Importer(815301076,1909f56bfc062723c751e8b465ee728b)  -> (artifact id: '8b79fe935894de669db60efcc18130dd') in 0.039052 seconds
Number of updated asset objects reloaded before import = 0
Number of asset objects unloaded after import = 3
========================================================================
Received Import Request.
  Time since last request: 0.000047 seconds.
  path: Assets/SyntyStudios/PolygonCity/Models/Collisions/SM_Bld_Apartment_Door_01_Convex 2.asset
  artifactKey: Guid(47aba856fa86fea44926cf27ef013732) Importer(815301076,1909f56bfc062723c751e8b465ee728b)
Start importing Assets/SyntyStudios/PolygonCity/Models/Collisions/SM_Bld_Apartment_Door_01_Convex 2.asset using Guid(47aba856fa86fea44926cf27ef013732) Importer(815301076,1909f56bfc062723c751e8b465ee728b)  -> (artifact id: 'f15544dad7ee34daf942d7819fe910c0') in 0.116785 seconds
Number of updated asset objects reloaded before import = 0
Number of asset objects unloaded after import = 5
========================================================================
Received Import Request.
  Time since last request: 0.000036 seconds.
  path: Assets/SyntyStudios/PolygonCity/Models/Collisions/SM_Bld_Apartment_Door_01_Convex 1.asset
  artifactKey: Guid(c9a89290e20bcfc4985bc47fcc8f7e75) Importer(815301076,1909f56bfc062723c751e8b465ee728b)
Start importing Assets/SyntyStudios/PolygonCity/Models/Collisions/SM_Bld_Apartment_Door_01_Convex 1.asset using Guid(c9a89290e20bcfc4985bc47fcc8f7e75) Importer(815301076,1909f56bfc062723c751e8b465ee728b)  -> (artifact id: '217435a039c39e45cf1bd1bdf2d3b578') in 0.098113 seconds
Number of updated asset objects reloaded before import = 0
Number of asset objects unloaded after import = 4
========================================================================
Received Import Request.
  Time since last request: 0.001173 seconds.
  path: Assets/SyntyStudios/PolygonCity/Models/Collisions/SM_Bld_Apartment_02_Convex.asset
  artifactKey: Guid(b7023bc803db03b48aab9e69180ce36a) Importer(815301076,1909f56bfc062723c751e8b465ee728b)
Start importing Assets/SyntyStudios/PolygonCity/Models/Collisions/SM_Bld_Apartment_02_Convex.asset using Guid(b7023bc803db03b48aab9e69180ce36a) Importer(815301076,1909f56bfc062723c751e8b465ee728b)  -> (artifact id: '3fab5be6949c285e9edccaeaf1f9c173') in 0.170348 seconds
Number of updated asset objects reloaded before import = 0
Number of asset objects unloaded after import = 3
========================================================================
Received Import Request.
  Time since last request: 0.000699 seconds.
  path: Assets/SyntyStudios/PolygonCity/Models/Collisions/SM_Bld_Apartment_03_Convex.asset
  artifactKey: Guid(21e6fd17ab4805b4eb62a5c6bf486a4d) Importer(815301076,1909f56bfc062723c751e8b465ee728b)
Start importing Assets/SyntyStudios/PolygonCity/Models/Collisions/SM_Bld_Apartment_03_Convex.asset using Guid(21e6fd17ab4805b4eb62a5c6bf486a4d) Importer(815301076,1909f56bfc062723c751e8b465ee728b)  -> (artifact id: '331dd6f6ecd3d957ac414f4ca455cc49') in 0.042392 seconds
Number of updated asset objects reloaded before import = 0
Number of asset objects unloaded after import = 3
========================================================================
Received Import Request.
  Time since last request: 0.000029 seconds.
  path: Assets/SyntyStudios/PolygonCity/Models/Collisions/SM_Bld_Apartment_03_Convex 2.asset
  artifactKey: Guid(fabea28af68b5d4428358e8e0d2ccd51) Importer(815301076,1909f56bfc062723c751e8b465ee728b)
Start importing Assets/SyntyStudios/PolygonCity/Models/Collisions/SM_Bld_Apartment_03_Convex 2.asset using Guid(fabea28af68b5d4428358e8e0d2ccd51) Importer(815301076,1909f56bfc062723c751e8b465ee728b)  -> (artifact id: '3ed28402e247fcf5fa10c23e8d4cf7d3') in 0.077389 seconds
Number of updated asset objects reloaded before import = 0
Number of asset objects unloaded after import = 3
========================================================================
Received Import Request.
  Time since last request: 0.000067 seconds.
  path: Assets/SyntyStudios/PolygonCity/Models/Collisions/SM_Bld_Apartment_02_Convex 2.asset
  artifactKey: Guid(84dedc8d45f93b849bc1732559b22f45) Importer(815301076,1909f56bfc062723c751e8b465ee728b)
Start importing Assets/SyntyStudios/PolygonCity/Models/Collisions/SM_Bld_Apartment_02_Convex 2.asset using Guid(84dedc8d45f93b849bc1732559b22f45) Importer(815301076,1909f56bfc062723c751e8b465ee728b)  -> (artifact id: 'e5d917deeec88239af890cfd3515fdf1') in 0.056472 seconds
Number of updated asset objects reloaded before import = 0
Number of asset objects unloaded after import = 3
========================================================================
Received Import Request.
  Time since last request: 0.000032 seconds.
  path: Assets/SyntyStudios/PolygonCity/Models/Collisions/SM_Bld_Apartment_Corner_03_Convex.asset
  artifactKey: Guid(4f6c9ce1e076190499f521847c9b45a7) Importer(815301076,1909f56bfc062723c751e8b465ee728b)
Start importing Assets/SyntyStudios/PolygonCity/Models/Collisions/SM_Bld_Apartment_Corner_03_Convex.asset using Guid(4f6c9ce1e076190499f521847c9b45a7) Importer(815301076,1909f56bfc062723c751e8b465ee728b)  -> (artifact id: '728e5f208ac0a9a28516865cbd48dfc7') in 0.039737 seconds
Number of updated asset objects reloaded before import = 0
Number of asset objects unloaded after import = 3
========================================================================
Received Import Request.
  Time since last request: 0.000098 seconds.
  path: Assets/SyntyStudios/PolygonCity/Models/Collisions/SM_Bld_Apartment_03_Convex 1.asset
  artifactKey: Guid(5978465438c84c44e99098921c095fc7) Importer(815301076,1909f56bfc062723c751e8b465ee728b)
Start importing Assets/SyntyStudios/PolygonCity/Models/Collisions/SM_Bld_Apartment_03_Convex 1.asset using Guid(5978465438c84c44e99098921c095fc7) Importer(815301076,1909f56bfc062723c751e8b465ee728b)  -> (artifact id: 'fbe7cf77bc0179df772e8ab3ef995072') in 0.030296 seconds
Number of updated asset objects reloaded before import = 0
Number of asset objects unloaded after import = 3
========================================================================
Received Import Request.
  Time since last request: 0.000036 seconds.
  path: Assets/SyntyStudios/PolygonCity/Models/Collisions/SM_Bld_Apartment_Corner_03_Convex 1.asset
  artifactKey: Guid(d25f65df190a03840a5178e9e1af0758) Importer(815301076,1909f56bfc062723c751e8b465ee728b)
Start importing Assets/SyntyStudios/PolygonCity/Models/Collisions/SM_Bld_Apartment_Corner_03_Convex 1.asset using Guid(d25f65df190a03840a5178e9e1af0758) Importer(815301076,1909f56bfc062723c751e8b465ee728b)  -> (artifact id: 'd4141a1bb2bc46c0a7bc9420831ba367') in 0.084903 seconds
Number of updated asset objects reloaded before import = 0
Number of asset objects unloaded after import = 4
========================================================================
Received Import Request.
  Time since last request: 0.000031 seconds.
  path: Assets/SyntyStudios/PolygonCity/Models/Materials/PolygonCity_Texture_01_C.mat
  artifactKey: Guid(94cab6af8653f8f4399b38366d45ec68) Importer(815301076,1909f56bfc062723c751e8b465ee728b)
Start importing Assets/SyntyStudios/PolygonCity/Models/Materials/PolygonCity_Texture_01_C.mat using Guid(94cab6af8653f8f4399b38366d45ec68) Importer(815301076,1909f56bfc062723c751e8b465ee728b)  -> (artifact id: '0fc0dd33fc91a97ddd8a48a678b8aa6f') in 0.155131 seconds
Number of updated asset objects reloaded before import = 0
Number of asset objects unloaded after import = 2
========================================================================
Received Import Request.
  Time since last request: 0.000586 seconds.
  path: Assets/SyntyStudios/PolygonCity/Models/Collisions/SM_Bld_Apartment_Door_01_Convex.asset
  artifactKey: Guid(8d5f395488c6bd4458b551114b7bf046) Importer(815301076,1909f56bfc062723c751e8b465ee728b)
Start importing Assets/SyntyStudios/PolygonCity/Models/Collisions/SM_Bld_Apartment_Door_01_Convex.asset using Guid(8d5f395488c6bd4458b551114b7bf046) Importer(815301076,1909f56bfc062723c751e8b465ee728b)  -> (artifact id: '7a34e55cb711bbcb9814ed507acd74fd') in 0.223908 seconds
Number of updated asset objects reloaded before import = 0
Number of asset objects unloaded after import = 3
========================================================================
Received Import Request.
  Time since last request: 0.000936 seconds.
  path: Assets/SyntyStudios/PolygonCity/Models/Collisions/SM_Bld_Apartment_Corner_02_Convex.asset
  artifactKey: Guid(24ebe41c46f3ec0458189b6d9fbd8c02) Importer(815301076,1909f56bfc062723c751e8b465ee728b)
Start importing Assets/SyntyStudios/PolygonCity/Models/Collisions/SM_Bld_Apartment_Corner_02_Convex.asset using Guid(24ebe41c46f3ec0458189b6d9fbd8c02) Importer(815301076,1909f56bfc062723c751e8b465ee728b)  -> (artifact id: '963730589eb8f65d4084576ca50f635b') in 0.063177 seconds
Number of updated asset objects reloaded before import = 0
Number of asset objects unloaded after import = 3
========================================================================
Received Import Request.
  Time since last request: 0.000161 seconds.
  path: Assets/SyntyStudios/PolygonCity/Models/Collisions/SM_Bld_Apartment_01_Convex 1.asset
  artifactKey: Guid(a7ce9dce58f7e114dbb88084da71c75c) Importer(815301076,1909f56bfc062723c751e8b465ee728b)
Start importing Assets/SyntyStudios/PolygonCity/Models/Collisions/SM_Bld_Apartment_01_Convex 1.asset using Guid(a7ce9dce58f7e114dbb88084da71c75c) Importer(815301076,1909f56bfc062723c751e8b465ee728b)  -> (artifact id: 'cb7bf7e4f60c11742213fc9494b61336') in 0.072969 seconds
Number of updated asset objects reloaded before import = 0
Number of asset objects unloaded after import = 3
========================================================================
Received Import Request.
  Time since last request: 9.571671 seconds.
  path: Assets/SyntyStudios/PolygonCity/Materials/FX_Materials/Skyline_Mat.mat
  artifactKey: Guid(d85b0c991d7ab78488a309346114f2f4) Importer(815301076,1909f56bfc062723c751e8b465ee728b)
Start importing Assets/SyntyStudios/PolygonCity/Materials/FX_Materials/Skyline_Mat.mat using Guid(d85b0c991d7ab78488a309346114f2f4) Importer(815301076,1909f56bfc062723c751e8b465ee728b)  -> (artifact id: '73d1f36e658e5419b2138a46a963c6b9') in 0.067702 seconds
Number of updated asset objects reloaded before import = 0
Number of asset objects unloaded after import = 2
========================================================================
Received Import Request.
  Time since last request: 0.000017 seconds.
  path: Assets/SyntyStudios/PolygonCity/Materials/FX_Materials/Water_Mat.mat
  artifactKey: Guid(287f5c5596df8d94594c370c2a16aac8) Importer(815301076,1909f56bfc062723c751e8b465ee728b)
Start importing Assets/SyntyStudios/PolygonCity/Materials/FX_Materials/Water_Mat.mat using Guid(287f5c5596df8d94594c370c2a16aac8) Importer(815301076,1909f56bfc062723c751e8b465ee728b)  -> (artifact id: 'a3529a1fed092100d1e0e550573b2a15') in 0.076155 seconds
Number of updated asset objects reloaded before import = 0
Number of asset objects unloaded after import = 1
========================================================================
Received Import Request.
  Time since last request: 4.008532 seconds.
  path: Assets/SyntyStudios/PolygonCity/Prefabs/Buildings/SM_Bld_Apartment_01.prefab
  artifactKey: Guid(9384e4f7925dd0d47a003b910f826bf8) Importer(815301076,1909f56bfc062723c751e8b465ee728b)
Start importing Assets/SyntyStudios/PolygonCity/Prefabs/Buildings/SM_Bld_Apartment_01.prefab using Guid(9384e4f7925dd0d47a003b910f826bf8) Importer(815301076,1909f56bfc062723c751e8b465ee728b)  -> (artifact id: '24d5c79d09ff12eafae845f55d2076df') in 0.123791 seconds
Number of updated asset objects reloaded before import = 0
Number of asset objects unloaded after import = 14
========================================================================
Received Import Request.
  Time since last request: 0.000075 seconds.
  path: Assets/SyntyStudios/PolygonCity/Prefabs/Buildings/SM_Bld_Apartment_Roof_02.prefab
  artifactKey: Guid(99e3d52be60050d4883633a4b0e12226) Importer(815301076,1909f56bfc062723c751e8b465ee728b)
Start importing Assets/SyntyStudios/PolygonCity/Prefabs/Buildings/SM_Bld_Apartment_Roof_02.prefab using Guid(99e3d52be60050d4883633a4b0e12226) Importer(815301076,1909f56bfc062723c751e8b465ee728b)  -> (artifact id: '999e9b877452b1ca7d6789a3ad049d41') in 0.158961 seconds
Number of updated asset objects reloaded before import = 0
Number of asset objects unloaded after import = 14
========================================================================
Received Import Request.
  Time since last request: 0.000039 seconds.
  path: Assets/SyntyStudios/PolygonCity/Prefabs/Buildings/SM_Bld_Apartment_Roof_Corner_01.prefab
  artifactKey: Guid(4617dc66e78dfbc42bd97ab7b9d077cb) Importer(815301076,1909f56bfc062723c751e8b465ee728b)
Start importing Assets/SyntyStudios/PolygonCity/Prefabs/Buildings/SM_Bld_Apartment_Roof_Corner_01.prefab using Guid(4617dc66e78dfbc42bd97ab7b9d077cb) Importer(815301076,1909f56bfc062723c751e8b465ee728b)  -> (artifact id: '40c0cb6870dc41b8b791787bc684797b') in 0.086604 seconds
Number of updated asset objects reloaded before import = 0
Number of asset objects unloaded after import = 13
========================================================================
Received Import Request.
  Time since last request: 0.000322 seconds.
  path: Assets/SyntyStudios/PolygonCity/Prefabs/Buildings/SM_Bld_Apartment_Stack_03.prefab
  artifactKey: Guid(a2d22ce70dfdb254e9cf1a761853209a) Importer(815301076,1909f56bfc062723c751e8b465ee728b)
Start importing Assets/SyntyStudios/PolygonCity/Prefabs/Buildings/SM_Bld_Apartment_Stack_03.prefab using Guid(a2d22ce70dfdb254e9cf1a761853209a) Importer(815301076,1909f56bfc062723c751e8b465ee728b)  -> (artifact id: '59db976a97345214f7302fa5e234f24b') in 0.099878 seconds
Number of updated asset objects reloaded before import = 0
Number of asset objects unloaded after import = 14
========================================================================
Received Import Request.
  Time since last request: 0.000059 seconds.
  path: Assets/SyntyStudios/PolygonCity/Prefabs/Buildings/SM_Bld_Apartment_Door_01.prefab
  artifactKey: Guid(c828aad58e045884d9bcabfcdacc69fa) Importer(815301076,1909f56bfc062723c751e8b465ee728b)
Start importing Assets/SyntyStudios/PolygonCity/Prefabs/Buildings/SM_Bld_Apartment_Door_01.prefab using Guid(c828aad58e045884d9bcabfcdacc69fa) Importer(815301076,1909f56bfc062723c751e8b465ee728b)  -> (artifact id: 'e0750b8aa79d6d8440aa32015f0f1b65') in 0.052971 seconds
Number of updated asset objects reloaded before import = 0
Number of asset objects unloaded after import = 18
========================================================================
Received Import Request.
  Time since last request: 0.000723 seconds.
  path: Assets/SyntyStudios/PolygonCity/Prefabs/Buildings/SM_Bld_Apartment_Door_Corner_02.prefab
  artifactKey: Guid(b7a38067f963ba848b3614156d1280af) Importer(815301076,1909f56bfc062723c751e8b465ee728b)
Start importing Assets/SyntyStudios/PolygonCity/Prefabs/Buildings/SM_Bld_Apartment_Door_Corner_02.prefab using Guid(b7a38067f963ba848b3614156d1280af) Importer(815301076,1909f56bfc062723c751e8b465ee728b)  -> (artifact id: '58e0e4bd172561fc667bf6449c2e2b4c') in 0.091911 seconds
Number of updated asset objects reloaded before import = 0
Number of asset objects unloaded after import = 14
========================================================================
Received Import Request.
  Time since last request: 0.000055 seconds.
  path: Assets/SyntyStudios/PolygonCity/Prefabs/Buildings/SM_Bld_Apartment_Stack_02.prefab
  artifactKey: Guid(f9c5e344bb1131f4f83e34b3f8cae927) Importer(815301076,1909f56bfc062723c751e8b465ee728b)
Start importing Assets/SyntyStudios/PolygonCity/Prefabs/Buildings/SM_Bld_Apartment_Stack_02.prefab using Guid(f9c5e344bb1131f4f83e34b3f8cae927) Importer(815301076,1909f56bfc062723c751e8b465ee728b)  -> (artifact id: '526095dcf94a80ffbbcd763912f1f215') in 0.069414 seconds
Number of updated asset objects reloaded before import = 0
Number of asset objects unloaded after import = 14
========================================================================
Received Import Request.
  Time since last request: 0.000057 seconds.
  path: Assets/SyntyStudios/PolygonCity/Prefabs/Buildings/SM_Bld_Apartment_Corner_01.prefab
  artifactKey: Guid(ca5af9b35ab3f6d418a4a402844936e3) Importer(815301076,1909f56bfc062723c751e8b465ee728b)
Start importing Assets/SyntyStudios/PolygonCity/Prefabs/Buildings/SM_Bld_Apartment_Corner_01.prefab using Guid(ca5af9b35ab3f6d418a4a402844936e3) Importer(815301076,1909f56bfc062723c751e8b465ee728b)  -> (artifact id: 'd55cc1c354825ece2e6548da2acd05a4') in 0.129285 seconds
Number of updated asset objects reloaded before import = 0
Number of asset objects unloaded after import = 14
========================================================================
Received Import Request.
  Time since last request: 0.000058 seconds.
  path: Assets/SyntyStudios/PolygonCity/Prefabs/Buildings/SM_Bld_Apartment_03.prefab
  artifactKey: Guid(87e255ee7b2544c45a73880dc218dceb) Importer(815301076,1909f56bfc062723c751e8b465ee728b)
Start importing Assets/SyntyStudios/PolygonCity/Prefabs/Buildings/SM_Bld_Apartment_03.prefab using Guid(87e255ee7b2544c45a73880dc218dceb) Importer(815301076,1909f56bfc062723c751e8b465ee728b)  -> (artifact id: 'e55e684bf45295e651cfbd22d13acff8') in 0.101285 seconds
Number of updated asset objects reloaded before import = 0
Number of asset objects unloaded after import = 14
========================================================================
Received Import Request.
  Time since last request: 0.000043 seconds.
  path: Assets/SyntyStudios/PolygonCity/Prefabs/Buildings/SM_Bld_Apartment_Roof_01.prefab
  artifactKey: Guid(6c5cf72eed364734aa359fd03de15100) Importer(815301076,1909f56bfc062723c751e8b465ee728b)
Start importing Assets/SyntyStudios/PolygonCity/Prefabs/Buildings/SM_Bld_Apartment_Roof_01.prefab using Guid(6c5cf72eed364734aa359fd03de15100) Importer(815301076,1909f56bfc062723c751e8b465ee728b)  -> (artifact id: '912cd30ed9bd09d55750a1d28adf1cd7') in 0.116756 seconds
Number of updated asset objects reloaded before import = 0
Number of asset objects unloaded after import = 13
========================================================================
Received Import Request.
  Time since last request: 0.000104 seconds.
  path: Assets/SyntyStudios/PolygonCity/Prefabs/Buildings/SM_Bld_Apartment_Roof_Corner_03.prefab
  artifactKey: Guid(0c535ed1fa2fdad4593c4e6c8997762c) Importer(815301076,1909f56bfc062723c751e8b465ee728b)
Start importing Assets/SyntyStudios/PolygonCity/Prefabs/Buildings/SM_Bld_Apartment_Roof_Corner_03.prefab using Guid(0c535ed1fa2fdad4593c4e6c8997762c) Importer(815301076,1909f56bfc062723c751e8b465ee728b)  -> (artifact id: '709d16bd4861732435d4daa7796e5945') in 0.055786 seconds
Number of updated asset objects reloaded before import = 0
Number of asset objects unloaded after import = 15
========================================================================
Received Import Request.
  Time since last request: 0.003625 seconds.
  path: Assets/SyntyStudios/PolygonCity/Prefabs/Buildings/SM_Bld_Apartment_Corner_02.prefab
  artifactKey: Guid(64b839200fb1c394abe8b5e1693c5cf4) Importer(815301076,1909f56bfc062723c751e8b465ee728b)
Start importing Assets/SyntyStudios/PolygonCity/Prefabs/Buildings/SM_Bld_Apartment_Corner_02.prefab using Guid(64b839200fb1c394abe8b5e1693c5cf4) Importer(815301076,1909f56bfc062723c751e8b465ee728b)  -> (artifact id: 'ea59f21cb05702db4c43047f4979b57e') in 0.134343 seconds
Number of updated asset objects reloaded before import = 0
Number of asset objects unloaded after import = 14
========================================================================
Received Import Request.
  Time since last request: 0.000040 seconds.
  path: Assets/SyntyStudios/PolygonCity/Prefabs/Buildings/SM_Bld_Apartment_Door_Corner_01.prefab
  artifactKey: Guid(105b953fd34734b40bb42cee7100a6dd) Importer(815301076,1909f56bfc062723c751e8b465ee728b)
Start importing Assets/SyntyStudios/PolygonCity/Prefabs/Buildings/SM_Bld_Apartment_Door_Corner_01.prefab using Guid(105b953fd34734b40bb42cee7100a6dd) Importer(815301076,1909f56bfc062723c751e8b465ee728b)  -> (artifact id: '5143d64d171bf3f8377da4a1d12d115a') in 0.137425 seconds
Number of updated asset objects reloaded before import = 0
Number of asset objects unloaded after import = 18
========================================================================
Received Import Request.
  Time since last request: 0.000569 seconds.
  path: Assets/SyntyStudios/PolygonCity/Prefabs/Buildings/SM_Bld_Apartment_Stack_01.prefab
  artifactKey: Guid(c498c5a0f7820b142b3b929366f2cf35) Importer(815301076,1909f56bfc062723c751e8b465ee728b)
Start importing Assets/SyntyStudios/PolygonCity/Prefabs/Buildings/SM_Bld_Apartment_Stack_01.prefab using Guid(c498c5a0f7820b142b3b929366f2cf35) Importer(815301076,1909f56bfc062723c751e8b465ee728b)  -> (artifact id: 'c04112dbb94b9842bd0ce32b6eedcd19') in 2.278507 seconds
Number of updated asset objects reloaded before import = 0
Number of asset objects unloaded after import = 14
========================================================================
Received Import Request.
  Time since last request: 0.000341 seconds.
  path: Assets/SyntyStudios/PolygonCity/Prefabs/Buildings/SM_Bld_Apartment_Door_02.prefab
  artifactKey: Guid(295b7b7ec52815e41ba330f82ad49dde) Importer(815301076,1909f56bfc062723c751e8b465ee728b)
Start importing Assets/SyntyStudios/PolygonCity/Prefabs/Buildings/SM_Bld_Apartment_Door_02.prefab using Guid(295b7b7ec52815e41ba330f82ad49dde) Importer(815301076,1909f56bfc062723c751e8b465ee728b)  -> (artifact id: '62a9a6f3567e11ccfa8b3503d9f2db70') in 0.091184 seconds
Number of updated asset objects reloaded before import = 0
Number of asset objects unloaded after import = 14
========================================================================
Received Import Request.
  Time since last request: 0.000218 seconds.
  path: Assets/SyntyStudios/PolygonCity/Prefabs/Buildings/SM_Bld_Apartment_02.prefab
  artifactKey: Guid(045266ddc5d5afd4bbceaaeda75189da) Importer(815301076,1909f56bfc062723c751e8b465ee728b)
Start importing Assets/SyntyStudios/PolygonCity/Prefabs/Buildings/SM_Bld_Apartment_02.prefab using Guid(045266ddc5d5afd4bbceaaeda75189da) Importer(815301076,1909f56bfc062723c751e8b465ee728b)  -> (artifact id: '1f8123c410f244fff705152c0f754426') in 0.217154 seconds
Number of updated asset objects reloaded before import = 0
Number of asset objects unloaded after import = 14
========================================================================
Received Import Request.
  Time since last request: 0.000028 seconds.
  path: Assets/SyntyStudios/PolygonCity/Prefabs/Buildings/SM_Bld_Apartment_Roof_03.prefab
  artifactKey: Guid(e23461d5897c315409d7a64adcd6f311) Importer(815301076,1909f56bfc062723c751e8b465ee728b)
Start importing Assets/SyntyStudios/PolygonCity/Prefabs/Buildings/SM_Bld_Apartment_Roof_03.prefab using Guid(e23461d5897c315409d7a64adcd6f311) Importer(815301076,1909f56bfc062723c751e8b465ee728b)  -> (artifact id: '99893a4afcc3c06b19bcb0ac34f1c2d4') in 0.138895 seconds
Number of updated asset objects reloaded before import = 0
Number of asset objects unloaded after import = 14
========================================================================
Received Import Request.
  Time since last request: 0.000530 seconds.
  path: Assets/SyntyStudios/PolygonCity/Prefabs/Buildings/SM_Bld_Apartment_Roof_Corner_02.prefab
  artifactKey: Guid(abf5b8361dd32a84990b3ef68982a8b4) Importer(815301076,1909f56bfc062723c751e8b465ee728b)
Start importing Assets/SyntyStudios/PolygonCity/Prefabs/Buildings/SM_Bld_Apartment_Roof_Corner_02.prefab using Guid(abf5b8361dd32a84990b3ef68982a8b4) Importer(815301076,1909f56bfc062723c751e8b465ee728b)  -> (artifact id: 'bb9788d1dc0ac15162e72ff91ab3ffbd') in 0.186967 seconds
Number of updated asset objects reloaded before import = 0
Number of asset objects unloaded after import = 15
========================================================================
Received Import Request.
  Time since last request: 0.000026 seconds.
  path: Assets/SyntyStudios/PolygonCity/Prefabs/Buildings/SM_Bld_Apartment_Stack_01 1.prefab
  artifactKey: Guid(cfc82e6311829994f9300baf963dcad3) Importer(815301076,1909f56bfc062723c751e8b465ee728b)
Start importing Assets/SyntyStudios/PolygonCity/Prefabs/Buildings/SM_Bld_Apartment_Stack_01 1.prefab using Guid(cfc82e6311829994f9300baf963dcad3) Importer(815301076,1909f56bfc062723c751e8b465ee728b)  -> (artifact id: '84415447864c0f59f7793420c8331f8a') in 0.095696 seconds
Number of updated asset objects reloaded before import = 0
Number of asset objects unloaded after import = 14
========================================================================
Received Import Request.
  Time since last request: 0.000453 seconds.
  path: Assets/SyntyStudios/PolygonCity/Prefabs/Buildings/SM_Bld_Apartment_Corner_03.prefab
  artifactKey: Guid(c1d46775cc1dffd41859257aad55f33c) Importer(815301076,1909f56bfc062723c751e8b465ee728b)
Start importing Assets/SyntyStudios/PolygonCity/Prefabs/Buildings/SM_Bld_Apartment_Corner_03.prefab using Guid(c1d46775cc1dffd41859257aad55f33c) Importer(815301076,1909f56bfc062723c751e8b465ee728b)  -> (artifact id: 'b4d6a97e5f33fc375c68133825ab7a6f') in 0.085766 seconds
Number of updated asset objects reloaded before import = 0
Number of asset objects unloaded after import = 16
========================================================================
Received Prepare
Begin MonoManager ReloadAssembly
- Loaded All Assemblies, in  1.391 seconds
Refreshing native plugins compatible for Editor in 12.09 ms, found 3 plugins.
Native extension for WindowsStandalone target not found
[Package Manager] Server::EnsureServerProcessIsRunning -- launch failed, reason: Unity was launched with the -noUpm command-line argument
[Package Manager] UpmClient::Send -- Unable to send message (not connected to UPM process).
[Package Manager] Cannot connect to Unity Package Manager local server
Mono: successfully reloaded assembly
- Finished resetting the current domain, in  7.819 seconds
Domain Reload Profiling: 9199ms
	BeginReloadAssembly (350ms)
		ExecutionOrderSort (0ms)
		DisableScriptedObjects (10ms)
		BackupInstance (0ms)
		ReleaseScriptingObjects (0ms)
		CreateAndSetChildDomain (104ms)
	RebuildCommonClasses (81ms)
	RebuildNativeTypeToScriptingClass (27ms)
	initialDomainReloadingComplete (77ms)
	LoadAllAssembliesAndSetupDomain (844ms)
		LoadAssemblies (982ms)
		RebuildTransferFunctionScriptingTraits (0ms)
		AnalyzeDomain (28ms)
			TypeCache.Refresh (8ms)
				TypeCache.ScanAssembly (0ms)
			ScanForSourceGeneratedMonoScriptInfo (0ms)
			ResolveRequiredComponents (18ms)
	FinalizeReload (7820ms)
		ReleaseScriptCaches (0ms)
		RebuildScriptCaches (0ms)
		SetupLoadedEditorAssemblies (2511ms)
			LogAssemblyErrors (0ms)
			InitializePlatformSupportModulesInManaged (24ms)
			SetLoadedEditorAssemblies (13ms)
			RefreshPlugins (0ms)
			BeforeProcessingInitializeOnLoad (398ms)
			ProcessInitializeOnLoadAttributes (1806ms)
			ProcessInitializeOnLoadMethodAttributes (232ms)
			AfterProcessingInitializeOnLoad (38ms)
			EditorAssembliesLoaded (0ms)
		ExecutionOrderSort2 (0ms)
		AwakeInstancesAfterBackupRestoration (28ms)
Refreshing native plugins compatible for Editor in 30.49 ms, found 3 plugins.
Preloading 0 native plugins for Editor in 0.00 ms.
Unloading 5437 Unused Serialized files (Serialized files now loaded: 0)
Unloading 45 unused Assets / (0.8 MB). Loaded Objects now: 6060.
Memory consumption went from 190.6 MB to 189.8 MB.
Total: 11.897100 ms (FindLiveObjects: 0.874900 ms CreateObjectMapping: 0.697300 ms MarkObjects: 9.119100 ms  DeleteObjects: 1.202700 ms)

Prepare: number of updated asset objects reloaded= 0
AssetImportParameters requested are different than current active one (requested -> active):
  custom:container-demuxer-ogg: 62fdf1f143b41e24485cea50d1cbac27 -> 
  custom:video-codec-MediaFoundation-h265: 746d11721c4dcdbdad8f713fa42b33f4 -> 
  custom:video-decoder-ogg-theora: a1e56fd34408186e4bbccfd4996cb3dc -> 
  custom:framework-win-MediaFoundation: 216162199b28c13a410421893ffa2e32 -> 
  custom:CustomObjectIndexerAttribute: a3ef5dd2817f97addfee359851a9dba5 -> 
  custom:container-demuxer-webm: 4f35f7cbe854078d1ac9338744f61a02 -> 
  custom:container-muxer-webm: aa71ff27fc2769a1b78a27578f13a17b -> 
  custom:video-decoder-webm-vp8: 9c59270c3fd7afecdb556c50c9e8de78 -> 
  custom:SearchIndexIgnoredProperties: e643bd26f0fe6173181afceb89e7c659 -> 
  custom:AudioImporter_EditorPlatform: d09bf68614088b80899f8185d706f6e7 -> 
  custom:video-encoder-webm-vp8: eb34c28f22e8b96e1ab97ce403110664 -> 
  custom:audio-decoder-ogg-vorbis: bf7c407c2cedff20999df2af8eb42d56 -> 
  custom:audio-encoder-webm-vorbis: bf7c407c2cedff20999df2af8eb42d56 -> 
========================================================================
Received Prepare
Begin MonoManager ReloadAssembly
- Loaded All Assemblies, in  0.828 seconds
Refreshing native plugins compatible for Editor in 9.26 ms, found 3 plugins.
Native extension for WindowsStandalone target not found
[Package Manager] Server::EnsureServerProcessIsRunning -- launch failed, reason: Unity was launched with the -noUpm command-line argument
[Package Manager] UpmClient::Send -- Unable to send message (not connected to UPM process).
[Package Manager] Cannot connect to Unity Package Manager local server
Mono: successfully reloaded assembly
- Finished resetting the current domain, in  3.319 seconds
Domain Reload Profiling: 4138ms
	BeginReloadAssembly (243ms)
		ExecutionOrderSort (0ms)
		DisableScriptedObjects (8ms)
		BackupInstance (0ms)
		ReleaseScriptingObjects (0ms)
		CreateAndSetChildDomain (49ms)
	RebuildCommonClasses (49ms)
	RebuildNativeTypeToScriptingClass (17ms)
	initialDomainReloadingComplete (70ms)
	LoadAllAssembliesAndSetupDomain (439ms)
		LoadAssemblies (552ms)
		RebuildTransferFunctionScriptingTraits (0ms)
		AnalyzeDomain (24ms)
			TypeCache.Refresh (8ms)
				TypeCache.ScanAssembly (0ms)
			ScanForSourceGeneratedMonoScriptInfo (0ms)
			ResolveRequiredComponents (15ms)
	FinalizeReload (3321ms)
		ReleaseScriptCaches (0ms)
		RebuildScriptCaches (0ms)
		SetupLoadedEditorAssemblies (1684ms)
			LogAssemblyErrors (0ms)
			InitializePlatformSupportModulesInManaged (10ms)
			SetLoadedEditorAssemblies (4ms)
			RefreshPlugins (0ms)
			BeforeProcessingInitializeOnLoad (196ms)
			ProcessInitializeOnLoadAttributes (1181ms)
			ProcessInitializeOnLoadMethodAttributes (234ms)
			AfterProcessingInitializeOnLoad (58ms)
			EditorAssembliesLoaded (1ms)
		ExecutionOrderSort2 (0ms)
		AwakeInstancesAfterBackupRestoration (24ms)
Refreshing native plugins compatible for Editor in 15.90 ms, found 3 plugins.
Preloading 0 native plugins for Editor in 0.00 ms.
Unloading 5437 Unused Serialized files (Serialized files now loaded: 0)
Unloading 45 unused Assets / (0.8 MB). Loaded Objects now: 6075.
Memory consumption went from 190.7 MB to 189.9 MB.
Total: 10.666000 ms (FindLiveObjects: 0.602600 ms CreateObjectMapping: 0.764200 ms MarkObjects: 8.750700 ms  DeleteObjects: 0.546900 ms)

Prepare: number of updated asset objects reloaded= 0
AssetImportParameters requested are different than current active one (requested -> active):
  custom:container-demuxer-ogg: 62fdf1f143b41e24485cea50d1cbac27 -> 
  custom:video-codec-MediaFoundation-h265: 746d11721c4dcdbdad8f713fa42b33f4 -> 
  custom:video-decoder-ogg-theora: a1e56fd34408186e4bbccfd4996cb3dc -> 
  custom:framework-win-MediaFoundation: 216162199b28c13a410421893ffa2e32 -> 
  custom:CustomObjectIndexerAttribute: a3ef5dd2817f97addfee359851a9dba5 -> 
  custom:container-demuxer-webm: 4f35f7cbe854078d1ac9338744f61a02 -> 
  custom:container-muxer-webm: aa71ff27fc2769a1b78a27578f13a17b -> 
  custom:video-decoder-webm-vp8: 9c59270c3fd7afecdb556c50c9e8de78 -> 
  custom:SearchIndexIgnoredProperties: e643bd26f0fe6173181afceb89e7c659 -> 
  custom:AudioImporter_EditorPlatform: d09bf68614088b80899f8185d706f6e7 -> 
  custom:video-encoder-webm-vp8: eb34c28f22e8b96e1ab97ce403110664 -> 
  custom:audio-decoder-ogg-vorbis: bf7c407c2cedff20999df2af8eb42d56 -> 
  custom:audio-encoder-webm-vorbis: bf7c407c2cedff20999df2af8eb42d56 -> 
TcpMessagingSession - receive error
AssetImportWorkerClient::OnTransportError - code=10054 error=Connessione in corso interrotta forzatamente dall'host remoto.
